[2026-07-11T16:37:54Z] Starting oracle price update...
[2026-07-11T16:37:54Z] CoinGecko ETH price: $1819.8
[2026-07-11T16:41:56Z] Starting oracle price update...
[2026-07-11T16:41:56Z] CoinGecko ETH price: $1817.17
[2026-07-11T16:41:56Z] Scaled price: 181717000000
[2026-07-11T16:41:56Z] ✅ Oracle price updated: $1817.17 (181717000000)
  TX: [{"address":"0x439f5db6c09a4a307de4be51baba557947d60f39","topics":["0x6ee8c3a1d6f34ba7d23dc9668a1710acde60efd22f625c58cdfff0d39bfbc72e","0x00000000000000000000000060601e48038e32dbcd9a9667c589bf6d39a32fb5"],"data":"0x0000000000000000000000000000000000000000000000000000002a4f2d5f400000000000000000000000000000000000000000000000000000019f520e9fb500000000000000000000000000000000000000000000000000000000000000600000000000000000000000000000000000000000000000000000000000000009636f696e6765636b6f0000000000000000000000000000000000000000000000","blockHash":"0x2f863e70385cf5e780e847e313bfc89c101f35db0076654a641c186e679145ed","blockNumber":"0x2a656eb","blockTimestamp":"0x19f520e9fb5","transactionHash":"0x94f45981976da3641de901e74209895bff218db16f9be5af3a6361b6568e291e","transactionIndex":"0x2","logIndex":"0x2","removed":false}]
  Gas: 45451
[2026-07-11T16:41:56Z] Done.
[2026-07-11T16:42:24Z] Starting oracle price update...
[2026-07-11T16:42:24Z] CoinGecko ETH price: $1816.78
[2026-07-11T16:42:24Z] Scaled price: 181678000000
[2026-07-11T16:42:24Z] ✅ Oracle price updated: $1816.78 (181678000000)
  TX: 0x47f080a077d1a08b75a3a97148bcca8f49d721966a6069255be63ec71a072ed4
  Gas: 45451
[2026-07-11T16:42:24Z] Done.
[2026-07-11T17:43:41Z] Starting oracle price update...
[2026-07-11T17:43:41Z] CoinGecko ETH price: $1824.36
[2026-07-11T17:43:41Z] Scaled price: 182436000000
[2026-07-11T17:43:41Z] ✅ Oracle price updated: $1824.36 (182436000000)
  TX: 0xa9d879cf47817e1a210a2a9ee7c017dd4f343941758a83648847f7814a725c96
  Gas: 45439
[2026-07-11T17:43:41Z] Done.
[2026-07-11T18:44:42Z] Starting oracle price update...
[2026-07-11T18:44:42Z] CoinGecko ETH price: $1826.65
[2026-07-11T18:44:42Z] Scaled price: 182665000000
[2026-07-11T18:44:42Z] ✅ Oracle price updated: $1826.65 (182665000000)
  TX: 0x2c864caddb51111052f8fa896dd68dc9ec53fe0de2786e1611ba5bf12b64da64
  Gas: 45451
[2026-07-11T18:44:42Z] Done.
[2026-07-11T19:45:40Z] Starting oracle price update...
[2026-07-11T19:45:40Z] CoinGecko ETH price: $1819.0
[2026-07-11T19:45:40Z] Scaled price: 181900000000
[2026-07-11T19:45:40Z] ✅ Oracle price updated: $1819.0 (181900000000)
  TX: 0x874da0bd18504abcfc1e55c60de99c335bcdda689a1d77a0d15767da618bb399
  Gas: 45439
[2026-07-11T19:45:40Z] Done.
[2026-07-11T20:46:44Z] Starting oracle price update...
[2026-07-11T20:46:44Z] CoinGecko ETH price: $1826.68
[2026-07-11T20:46:44Z] Scaled price: 182668000000
[2026-07-11T20:46:44Z] ✅ Oracle price updated: $1826.68 (182668000000)
  TX: 0x616f8c1996df8ae439de4607708c18038cc0d8d5dc4ee3ad81977c4711e0c236
  Gas: 45439
[2026-07-11T20:46:44Z] Done.
[2026-07-11T21:47:47Z] Starting oracle price update...
[2026-07-11T21:47:47Z] CoinGecko ETH price: $1822.52
[2026-07-11T21:47:47Z] Scaled price: 182252000000
[2026-07-11T21:47:47Z] ✅ Oracle price updated: $1822.52 (182252000000)
  TX: 0x4636777ea334ec4f75bb78477494a91eb512e55840f4a9de0d2b73b36b16ff8d
  Gas: 45439
[2026-07-11T21:47:47Z] Done.
[2026-07-11T22:48:42Z] Starting oracle price update...
[2026-07-11T22:48:42Z] CoinGecko ETH price: $1813.67
[2026-07-11T22:48:42Z] Scaled price: 181367000000
[2026-07-11T22:48:42Z] ✅ Oracle price updated: $1813.67 (181367000000)
  TX: 0xb19f6d14ebf20e63d4c6fd8151d7b0abc70dc67cec307066d6eb3e041dcfe512
  Gas: 45451
[2026-07-11T22:48:42Z] Done.
[2026-07-11T23:49:42Z] Starting oracle price update...
[2026-07-11T23:49:42Z] CoinGecko ETH price: $1790.36
[2026-07-11T23:49:42Z] Scaled price: 179036000000
[2026-07-11T23:49:42Z] ✅ Oracle price updated: $1790.36 (179036000000)
  TX: 0x09e7ed70a54fd2574ca346ed23fcb787ed95267874da4942a3837c5be8ad19aa
  Gas: 45439
[2026-07-11T23:49:42Z] Done.
[2026-07-12T00:50:42Z] Starting oracle price update...
[2026-07-12T00:50:42Z] CoinGecko ETH price: $1784.97
[2026-07-12T00:50:42Z] Scaled price: 178497000000
[2026-07-12T00:50:42Z] ✅ Oracle price updated: $1784.97 (178497000000)
  TX: 0xdc53fdfa6da060eb6a161af6da807913a662361b58040d7d444f7752cf5807d8
  Gas: 45451
[2026-07-12T00:50:42Z] Done.
[2026-07-12T01:51:43Z] Starting oracle price update...
[2026-07-12T01:51:43Z] CoinGecko ETH price: $1804.82
[2026-07-12T01:51:43Z] Scaled price: 180482000000
[2026-07-12T01:51:43Z] ✅ Oracle price updated: $1804.82 (180482000000)
  TX: 0x633754e188734645595a793f37961243ae70a0b09f07c67eae79fb6c539b082a
  Gas: 45451
[2026-07-12T01:51:43Z] Done.
[2026-07-12T02:52:43Z] Starting oracle price update...
[2026-07-12T02:52:43Z] CoinGecko ETH price: $1803.77
[2026-07-12T02:52:43Z] Scaled price: 180377000000
[2026-07-12T02:52:43Z] ✅ Oracle price updated: $1803.77 (180377000000)
  TX: 0x4e973a7eef8c60823792adc1d9636d0b3047b58617f02b25fb7c8f8d879c5e30
  Gas: 45451
[2026-07-12T02:52:43Z] Done.
[2026-07-12T03:53:45Z] Starting oracle price update...
[2026-07-12T03:53:45Z] CoinGecko ETH price: $1809.08
[2026-07-12T03:53:45Z] Scaled price: 180908000000
[2026-07-12T03:53:45Z] ✅ Oracle price updated: $1809.08 (180908000000)
  TX: 0x96af562e8747b0ab4a022a54b86cfae42a2b0316981fea0baeadbf0468a76e27
  Gas: 45439
[2026-07-12T03:53:45Z] Done.
[2026-07-12T04:54:45Z] Starting oracle price update...
[2026-07-12T04:54:45Z] CoinGecko ETH price: $1804.63
[2026-07-12T04:54:45Z] Scaled price: 180463000000
[2026-07-12T04:54:45Z] ✅ Oracle price updated: $1804.63 (180463000000)
  TX: 0x9b215638a006c386b724d1b64485022bc387992fbc9a8952b1a83c2e998df5ed
  Gas: 45451
[2026-07-12T04:54:45Z] Done.
[2026-07-12T05:55:45Z] Starting oracle price update...
[2026-07-12T05:55:45Z] CoinGecko ETH price: $1802.72
[2026-07-12T05:55:45Z] Scaled price: 180272000000
[2026-07-12T05:55:45Z] ✅ Oracle price updated: $1802.72 (180272000000)
  TX: 0x679df5b24783fc1d421e7bc9a6d2d19b13c999c7468adbd7a40deddbb3ac9c1a
  Gas: 45439
[2026-07-12T05:55:45Z] Done.
[2026-07-12T06:56:46Z] Starting oracle price update...
[2026-07-12T06:56:46Z] CoinGecko ETH price: $1793.55
[2026-07-12T06:56:46Z] Scaled price: 179355000000
[2026-07-12T06:56:46Z] ✅ Oracle price updated: $1793.55 (179355000000)
  TX: 0x087eaefdd439c41cdc024a85075da2ace9de4e9cd9149f221b43f5abad226d41
  Gas: 45451
[2026-07-12T06:56:46Z] Done.
[2026-07-12T07:57:46Z] Starting oracle price update...
[2026-07-12T07:57:46Z] CoinGecko ETH price: $1797.27
[2026-07-12T07:57:46Z] Scaled price: 179727000000
[2026-07-12T07:57:46Z] ✅ Oracle price updated: $1797.27 (179727000000)
  TX: 0x1168ca6a26823b9dc18ba34190f861d418171e9ab7f0f4b8305b15f59a6ad278
  Gas: 45451
[2026-07-12T07:57:46Z] Done.
[2026-07-12T08:58:47Z] Starting oracle price update...
[2026-07-12T08:58:47Z] CoinGecko ETH price: $1803.84
[2026-07-12T08:58:47Z] Scaled price: 180384000000
[2026-07-12T08:58:47Z] ✅ Oracle price updated: $1803.84 (180384000000)
  TX: 0x256168baca4261990fd629f96dbaf613b925a7e2b55371a9205d2af50e87a29d
  Gas: 45439
[2026-07-12T08:58:47Z] Done.
[2026-07-12T09:59:47Z] Starting oracle price update...
[2026-07-12T09:59:47Z] CoinGecko ETH price: $1801.35
[2026-07-12T09:59:47Z] Scaled price: 180135000000
[2026-07-12T09:59:47Z] ✅ Oracle price updated: $1801.35 (180135000000)
  TX: 0x3b4e7ab99766819c450f07fce2a171f4af534e70bf782c599688bf3266894485
  Gas: 45451
[2026-07-12T09:59:47Z] Done.
[2026-07-12T11:00:48Z] Starting oracle price update...
[2026-07-12T11:00:48Z] CoinGecko ETH price: $1798.19
[2026-07-12T11:00:48Z] Scaled price: 179819000000
[2026-07-12T11:00:48Z] ✅ Oracle price updated: $1798.19 (179819000000)
  TX: 0x135123eb72aedc28cc4828b7b9f3c6a3f32f9060746c7e9d9e4a350bdf98e42d
  Gas: 45451
[2026-07-12T11:00:48Z] Done.
[2026-07-12T12:01:51Z] Starting oracle price update...
[2026-07-12T12:01:51Z] CoinGecko ETH price: $1802.83
[2026-07-12T12:01:51Z] Scaled price: 180283000000
[2026-07-12T12:01:51Z] ✅ Oracle price updated: $1802.83 (180283000000)
  TX: 0xde68d191d00225624835e518027b09a072033db01412e01c28529166b36fa4a6
  Gas: 45451
[2026-07-12T12:01:51Z] Done.
[2026-07-12T13:02:49Z] Starting oracle price update...
[2026-07-12T13:02:49Z] CoinGecko ETH price: $1805.25
[2026-07-12T13:02:49Z] Scaled price: 180525000000
[2026-07-12T13:02:49Z] ✅ Oracle price updated: $1805.25 (180525000000)
  TX: 0x32e25dbb43e47ea0f866f55628bd8cd68e802318b2fdecd5777daf7aeb46a151
  Gas: 45451
[2026-07-12T13:02:49Z] Done.
[2026-07-12T14:03:49Z] Starting oracle price update...
[2026-07-12T14:03:49Z] CoinGecko ETH price: $1804.5
[2026-07-12T14:03:49Z] Scaled price: 180450000000
[2026-07-12T14:03:49Z] ✅ Oracle price updated: $1804.5 (180450000000)
  TX: 0xf86920b204db76d9d4d7a311d26e82c3fc217a3a87dd4bd99ebb9ed52d6f6e37
  Gas: 45451
[2026-07-12T14:03:49Z] Done.
[2026-07-12T15:04:51Z] Starting oracle price update...
[2026-07-12T15:04:51Z] CoinGecko ETH price: $1818.13
[2026-07-12T15:04:51Z] Scaled price: 181813000000
[2026-07-12T15:04:51Z] ✅ Oracle price updated: $1818.13 (181813000000)
  TX: 0xd0276ef1138aa2a0fffb1fcf8a398168a3f00ebb214882cab005faa980d2d5d1
  Gas: 45451
[2026-07-12T15:04:51Z] Done.
[2026-07-12T16:05:49Z] Starting oracle price update...
[2026-07-12T16:05:49Z] CoinGecko ETH price: $1819.2
[2026-07-12T16:05:49Z] Scaled price: 181920000000
[2026-07-12T16:05:49Z] ✅ Oracle price updated: $1819.2 (181920000000)
  TX: 0xd4c96ecfb897b3f03682764fc675f7050089a5b0ced705efb78c6c816b5007a5
  Gas: 45439
[2026-07-12T16:05:49Z] Done.
[2026-07-12T17:06:54Z] Starting oracle price update...
[2026-07-12T17:06:54Z] CoinGecko ETH price: $1819.7
[2026-07-12T17:06:54Z] Scaled price: 181970000000
[2026-07-12T17:06:54Z] ✅ Oracle price updated: $1819.7 (181970000000)
  TX: 0x426ec1cb00a4ba6f7a8b869564926e43c3810fde501a169d9063d3aae23525cd
  Gas: 45451
[2026-07-12T17:06:54Z] Done.
[2026-07-12T18:07:52Z] Starting oracle price update...
[2026-07-12T18:07:52Z] CoinGecko ETH price: $1818.3
[2026-07-12T18:07:52Z] Scaled price: 181830000000
[2026-07-12T18:07:52Z] ✅ Oracle price updated: $1818.3 (181830000000)
  TX: 0xf4e2528e1259791b7169543e98ea13383b114d46d1a3cd6ca3789b08e4b8e39c
  Gas: 45451
[2026-07-12T18:07:52Z] Done.
[2026-07-12T19:08:51Z] Starting oracle price update...
[2026-07-12T19:08:51Z] CoinGecko ETH price: $1820.66
[2026-07-12T19:08:51Z] Scaled price: 182066000000
[2026-07-12T19:08:51Z] ✅ Oracle price updated: $1820.66 (182066000000)
  TX: 0x9e87a2f64573cc979d6c0cdcd3ab1a8d55743f0c79b721e0b849df9c1b8e71aa
  Gas: 45451
[2026-07-12T19:08:51Z] Done.
[2026-07-12T20:09:51Z] Starting oracle price update...
[2026-07-12T20:09:51Z] CoinGecko ETH price: $1818.86
[2026-07-12T20:09:51Z] Scaled price: 181886000000
[2026-07-12T20:09:51Z] ✅ Oracle price updated: $1818.86 (181886000000)
  TX: 0xdada5e8070dcac6e4f29b77002eed796d27cab4f6d5b1942af08c293a9cd7ea8
  Gas: 45451
[2026-07-12T20:09:51Z] Done.
[2026-07-12T21:10:53Z] Starting oracle price update...
[2026-07-12T21:10:53Z] CoinGecko ETH price: $1820.2
[2026-07-12T21:10:53Z] Scaled price: 182020000000
[2026-07-12T21:10:53Z] ✅ Oracle price updated: $1820.2 (182020000000)
  TX: 0xeaf89676eb4e7b647b74b2ab9d112e37de1bdeaa7a3f7b6139afc352063b993f
  Gas: 45439
[2026-07-12T21:10:53Z] Done.
[2026-07-12T22:11:53Z] Starting oracle price update...
[2026-07-12T22:11:53Z] CoinGecko ETH price: $1803.36
[2026-07-12T22:11:53Z] Scaled price: 180336000000
[2026-07-12T22:11:53Z] ✅ Oracle price updated: $1803.36 (180336000000)
  TX: 0x7496e15fe49cc37e85508e600fc6f4ae0cbcf34eac91fbdeb81c766842191fe0
  Gas: 45439
[2026-07-12T22:11:53Z] Done.
[2026-07-12T23:12:53Z] Starting oracle price update...
[2026-07-12T23:12:53Z] CoinGecko ETH price: $1800.9
[2026-07-12T23:12:53Z] Scaled price: 180090000000
[2026-07-12T23:12:53Z] ✅ Oracle price updated: $1800.9 (180090000000)
  TX: 0xdf55969760faf96dd2ef7c5b554c172a5b5471a0d09b6e48afc870a5e274513f
  Gas: 45451
[2026-07-12T23:12:53Z] Done.
[2026-07-13T00:13:53Z] Starting oracle price update...
[2026-07-13T00:13:53Z] CoinGecko ETH price: $1836.73
[2026-07-13T00:13:53Z] Scaled price: 183673000000
[2026-07-13T00:13:53Z] ✅ Oracle price updated: $1836.73 (183673000000)
  TX: 0x23c1cbb19a227d37bb0a8e486cea3d782808896328db3cb0b4bc458cedb1f7a9
  Gas: 45451
[2026-07-13T00:13:53Z] Done.
[2026-07-13T01:14:55Z] Starting oracle price update...
[2026-07-13T01:14:55Z] CoinGecko ETH price: $1821.27
[2026-07-13T01:14:55Z] Scaled price: 182127000000
[2026-07-13T01:14:55Z] ✅ Oracle price updated: $1821.27 (182127000000)
  TX: 0xbf5c3cf0732fc4e7e3310725f399deedb4bd96c98b7f6dc5809403f0920d1cbe
  Gas: 45451
[2026-07-13T01:14:55Z] Done.
[2026-07-13T02:15:55Z] Starting oracle price update...
[2026-07-13T02:15:55Z] CoinGecko ETH price: $1804.19
[2026-07-13T02:15:55Z] Scaled price: 180419000000
[2026-07-13T02:15:55Z] ✅ Oracle price updated: $1804.19 (180419000000)
  TX: 0x3e93053520b8dc693cd71908b1f8e22448c5f41f4e3b3c763b59d0a137d8b906
  Gas: 45451
[2026-07-13T02:15:55Z] Done.
[2026-07-13T03:16:55Z] Starting oracle price update...
[2026-07-13T03:16:55Z] CoinGecko ETH price: $1789.13
[2026-07-13T03:16:55Z] Scaled price: 178913000000
[2026-07-13T03:16:55Z] ✅ Oracle price updated: $1789.13 (178913000000)
  TX: 0x0c8bbb54cdf68930da4fab2ebaf583be63e1ff92339d259fb74ae38215200111
  Gas: 45451
[2026-07-13T03:16:55Z] Done.
[2026-07-13T04:17:55Z] Starting oracle price update...
[2026-07-13T04:17:55Z] CoinGecko ETH price: $1779.35
[2026-07-13T04:17:55Z] Scaled price: 177935000000
[2026-07-13T04:17:55Z] ✅ Oracle price updated: $1779.35 (177935000000)
  TX: 0x309ceddf268a437ebe1846a218202c5614af349947c83b40179d68913bf0a850
  Gas: 45451
[2026-07-13T04:17:55Z] Done.
[2026-07-13T05:18:55Z] Starting oracle price update...
[2026-07-13T05:18:55Z] CoinGecko ETH price: $1782.0
[2026-07-13T05:18:55Z] Scaled price: 178200000000
[2026-07-13T05:18:55Z] ✅ Oracle price updated: $1782.0 (178200000000)
  TX: 0x96464df1d2c307e029747c9bcba8580540d9bbb7fc1a16953c52358b0466c17b
  Gas: 45439
[2026-07-13T05:18:55Z] Done.
[2026-07-13T06:19:56Z] Starting oracle price update...
[2026-07-13T06:19:56Z] CoinGecko ETH price: $1775.71
[2026-07-13T06:19:56Z] Scaled price: 177571000000
[2026-07-13T06:19:56Z] ✅ Oracle price updated: $1775.71 (177571000000)
  TX: 0x13bbccf9b16d45facd17d80f5ff3b4590f52fdd4f4fba4128c8960b1b68180ed
  Gas: 45451
[2026-07-13T06:19:56Z] Done.
[2026-07-13T07:20:57Z] Starting oracle price update...
[2026-07-13T07:20:57Z] CoinGecko ETH price: $1778.26
[2026-07-13T07:20:57Z] Scaled price: 177826000000
[2026-07-13T07:20:57Z] ✅ Oracle price updated: $1778.26 (177826000000)
  TX: 0x92e48e886a737833cc7a506404db289d4d7cc31384373527985163e6d00f5d6a
  Gas: 45451
[2026-07-13T07:20:57Z] Done.
[2026-07-13T08:21:58Z] Starting oracle price update...
[2026-07-13T08:21:58Z] CoinGecko ETH price: $1784.16
[2026-07-13T08:21:58Z] Scaled price: 178416000000
[2026-07-13T08:21:58Z] ✅ Oracle price updated: $1784.16 (178416000000)
  TX: 0xebff4105f5287d397a77b438d1fa8fba118f5c17e1a21f68719b602113b6691f
  Gas: 45439
[2026-07-13T08:21:58Z] Done.
[2026-07-13T09:22:56Z] Starting oracle price update...
[2026-07-13T09:22:56Z] CoinGecko ETH price: $1784.47
[2026-07-13T09:22:56Z] Scaled price: 178447000000
[2026-07-13T09:22:56Z] ✅ Oracle price updated: $1784.47 (178447000000)
  TX: 0x15a268e75d14aaa9d3e3bb661d070b43a6f28946a3febb9bbe1edcb5768f1ede
  Gas: 45451
[2026-07-13T09:22:56Z] Done.
[2026-07-13T10:23:57Z] Starting oracle price update...
[2026-07-13T10:23:57Z] CoinGecko ETH price: $1782.53
[2026-07-13T10:23:57Z] Scaled price: 178253000000
[2026-07-13T10:23:57Z] ✅ Oracle price updated: $1782.53 (178253000000)
  TX: 0xcf31a4f7a934fa706a80913c314212fa28e2f84039fcb970d00d1ae45fc6b600
  Gas: 45451
[2026-07-13T10:23:57Z] Done.
[2026-07-13T11:24:58Z] Starting oracle price update...
[2026-07-13T11:24:58Z] CoinGecko ETH price: $1780.77
[2026-07-13T11:24:58Z] Scaled price: 178077000000
[2026-07-13T11:24:58Z] ✅ Oracle price updated: $1780.77 (178077000000)
  TX: 0x1d2fd5980849e39f15194ed433e6ed38b5d58c443a0e6c8c63e15ef5ade8ae3e
  Gas: 45451
[2026-07-13T11:24:58Z] Done.
[2026-07-13T12:25:59Z] Starting oracle price update...
[2026-07-13T12:25:59Z] CoinGecko ETH price: $1778.21
[2026-07-13T12:25:59Z] Scaled price: 177821000000
[2026-07-13T12:25:59Z] ✅ Oracle price updated: $1778.21 (177821000000)
  TX: 0x369c217f203e121efe133194949fea1ad23853920b038839a00faa3a35bd0bcb
  Gas: 45451
[2026-07-13T12:25:59Z] Done.
[2026-07-13T13:27:02Z] Starting oracle price update...
[2026-07-13T13:27:02Z] CoinGecko ETH price: $1767.72
[2026-07-13T13:27:02Z] Scaled price: 176772000000
[2026-07-13T13:27:02Z] ✅ Oracle price updated: $1767.72 (176772000000)
  TX: 0xf34189e996e8d20b8d9b546c1a2f2852efb3685c3e6928d4d88e8ddfc82d3afc
  Gas: 45439
[2026-07-13T13:27:02Z] Done.
[2026-07-13T14:28:01Z] Starting oracle price update...
[2026-07-13T14:28:01Z] CoinGecko ETH price: $1771.0
[2026-07-13T14:28:01Z] Scaled price: 177100000000
[2026-07-13T14:28:01Z] ✅ Oracle price updated: $1771.0 (177100000000)
  TX: 0xbd254daeabf732071981e569e7cde45a64b6e3ed9143622d5438f9bfe7946276
  Gas: 45439
[2026-07-13T14:28:01Z] Done.
[2026-07-13T15:29:01Z] Starting oracle price update...
[2026-07-13T15:29:01Z] CoinGecko ETH price: $1782.02
[2026-07-13T15:29:01Z] Scaled price: 178202000000
[2026-07-13T15:29:01Z] ✅ Oracle price updated: $1782.02 (178202000000)
  TX: 0x4e2cbad6e4c84fcdfacba8be75675da235ddf044d07490bf4b9bdbb54b302df2
  Gas: 45451
[2026-07-13T15:29:01Z] Done.
[2026-07-13T16:30:01Z] Starting oracle price update...
[2026-07-13T16:30:01Z] CoinGecko ETH price: $1770.54
[2026-07-13T16:30:01Z] Scaled price: 177054000000
[2026-07-13T16:30:01Z] ✅ Oracle price updated: $1770.54 (177054000000)
  TX: 0x8e58a616f7343fb727b863aee5bf52b5a5367d1f4abbee65ef4be528a699875b
  Gas: 45451
[2026-07-13T16:30:01Z] Done.
[2026-07-13T17:31:02Z] Starting oracle price update...
[2026-07-13T17:31:02Z] CoinGecko ETH price: $1769.75
[2026-07-13T17:31:02Z] Scaled price: 176975000000
[2026-07-13T17:31:02Z] ✅ Oracle price updated: $1769.75 (176975000000)
  TX: 0x297900e2435a7f40812f66676ebbb683f8b3d538ff99d2e986097d58cbfcc083
  Gas: 45451
[2026-07-13T17:31:02Z] Done.
[2026-07-13T18:32:02Z] Starting oracle price update...
[2026-07-13T18:32:02Z] CoinGecko ETH price: $1756.11
[2026-07-13T18:32:02Z] Scaled price: 175611000000
[2026-07-13T18:32:02Z] ✅ Oracle price updated: $1756.11 (175611000000)
  TX: 0x6daecd1076eb26a6749bf90966f5e9a2888c7d513b53ca93fa79a96f005b5abb
  Gas: 45451
[2026-07-13T18:32:02Z] Done.
[2026-07-13T19:33:02Z] Starting oracle price update...
[2026-07-13T19:33:02Z] CoinGecko ETH price: $1764.9
[2026-07-13T19:33:02Z] Scaled price: 176490000000
[2026-07-13T19:33:02Z] ✅ Oracle price updated: $1764.9 (176490000000)
  TX: 0xb126ecf92721e8cbe8468e92e446e37ef693e50ae077218a0bd33ee8986f929e
  Gas: 45451
[2026-07-13T19:33:02Z] Done.
[2026-07-13T20:34:03Z] Starting oracle price update...
[2026-07-13T20:34:03Z] CoinGecko ETH price: $1767.4
[2026-07-13T20:34:03Z] Scaled price: 176740000000
[2026-07-13T20:34:03Z] ✅ Oracle price updated: $1767.4 (176740000000)
  TX: 0x03884613029aeb08849bde269f2bb7751f36e6c02a804fb44fd4596600faf0a2
  Gas: 45439
[2026-07-13T20:34:03Z] Done.
[2026-07-13T21:35:04Z] Starting oracle price update...
[2026-07-13T21:35:04Z] CoinGecko ETH price: $1757.63
[2026-07-13T21:35:04Z] Scaled price: 175763000000
[2026-07-13T21:35:04Z] ✅ Oracle price updated: $1757.63 (175763000000)
  TX: 0xf5246b137aa8ee43f21c7868f347c408fd40dd0e8f7d6ad84796ca6231969d86
  Gas: 45451
[2026-07-13T21:35:04Z] Done.
[2026-07-13T22:36:03Z] Starting oracle price update...
[2026-07-13T22:36:03Z] CoinGecko ETH price: $1761.57
[2026-07-13T22:36:03Z] Scaled price: 176157000000
[2026-07-13T22:36:03Z] ✅ Oracle price updated: $1761.57 (176157000000)
  TX: 0xe80dbe57b94f064e75a5bb4af7af15a4768eccecd38240e4440752e465f7abd9
  Gas: 45451
[2026-07-13T22:36:03Z] Done.
[2026-07-13T23:37:04Z] Starting oracle price update...
[2026-07-13T23:37:04Z] CoinGecko ETH price: $1765.05
[2026-07-13T23:37:04Z] Scaled price: 176505000000
[2026-07-13T23:37:04Z] ✅ Oracle price updated: $1765.05 (176505000000)
  TX: 0x6ad4b1dc2bce003e64ca887616612ad4f497569eb77dfd0f140ffc14b44d52b2
  Gas: 45451
[2026-07-13T23:37:04Z] Done.
[2026-07-14T00:38:03Z] Starting oracle price update...
[2026-07-14T00:38:03Z] CoinGecko ETH price: $1780.25
[2026-07-14T00:38:03Z] Scaled price: 178025000000
[2026-07-14T00:38:03Z] ✅ Oracle price updated: $1780.25 (178025000000)
  TX: 0x547cefdeada6b68741e2f2403ac366004d04bb566ad1727c6a4a360a93459619
  Gas: 45451
[2026-07-14T00:38:03Z] Done.
[2026-07-14T01:39:04Z] Starting oracle price update...
[2026-07-14T01:39:04Z] CoinGecko ETH price: $1782.55
[2026-07-14T01:39:04Z] Scaled price: 178255000000
[2026-07-14T01:39:04Z] ✅ Oracle price updated: $1782.55 (178255000000)
  TX: 0x36e9f06659b08a14928a596a00d68bfc692605c5834be123e469ac31cafc9c2e
  Gas: 45451
[2026-07-14T01:39:04Z] Done.
[2026-07-14T02:40:05Z] Starting oracle price update...
[2026-07-14T02:40:05Z] CoinGecko ETH price: $1778.06
[2026-07-14T02:40:05Z] Scaled price: 177806000000
[2026-07-14T02:40:05Z] ✅ Oracle price updated: $1778.06 (177806000000)
  TX: 0x88d956504fa5cc3eac1f53520edb9b86fe5188a6df0803abd22e676c695ee719
  Gas: 45451
[2026-07-14T02:40:05Z] Done.
[2026-07-14T03:41:06Z] Starting oracle price update...
[2026-07-14T03:41:06Z] CoinGecko ETH price: $1779.74
[2026-07-14T03:41:06Z] Scaled price: 177974000000
[2026-07-14T03:41:06Z] ✅ Oracle price updated: $1779.74 (177974000000)
  TX: 0x5d15992239627a9e522b1f8dd2d21be5fc7804dd23d563a4b08f7cbec0e4ade4
  Gas: 45451
[2026-07-14T03:41:06Z] Done.
[2026-07-14T04:42:06Z] Starting oracle price update...
[2026-07-14T04:42:06Z] CoinGecko ETH price: $1787.15
[2026-07-14T04:42:06Z] Scaled price: 178715000000
[2026-07-14T04:42:06Z] ✅ Oracle price updated: $1787.15 (178715000000)
  TX: 0x54d1ccd3bd1cb4acbe9e08b0ce4420dfb9ea23334812624491d2825244cc408c
  Gas: 45451
[2026-07-14T04:42:06Z] Done.
[2026-07-14T05:43:07Z] Starting oracle price update...
[2026-07-14T05:43:07Z] CoinGecko ETH price: $1784.55
[2026-07-14T05:43:07Z] Scaled price: 178455000000
[2026-07-14T05:43:07Z] ✅ Oracle price updated: $1784.55 (178455000000)
  TX: 0x6fc0c250f2f6511b14368246fe18cb96e184a0f0a894b9487c05ada1c1efd0d4
  Gas: 45451
[2026-07-14T05:43:07Z] Done.
[2026-07-14T06:44:07Z] Starting oracle price update...
[2026-07-14T06:44:07Z] CoinGecko ETH price: $1783.02
[2026-07-14T06:44:07Z] Scaled price: 178302000000
[2026-07-14T06:44:07Z] ✅ Oracle price updated: $1783.02 (178302000000)
  TX: 0x9d32c09b1283ec3544daba382cedd5f77329698d7e463a8cf929db5242faa80b
  Gas: 45451
[2026-07-14T06:44:07Z] Done.
[2026-07-14T07:45:10Z] Starting oracle price update...
[2026-07-14T07:45:10Z] CoinGecko ETH price: $1778.1
[2026-07-14T07:45:10Z] Scaled price: 177810000000
[2026-07-14T07:50:47Z] ✅ Oracle price updated: $1778.1 (177810000000) [MANUAL FIX]
  Fix: re-registered owner as updater via addUpdater()
  TX (addUpdater): 0x3f2a68319eb9d11c0e2d09f206f6080a1b53e0f4cc34dc1050e23e640b113666
  TX (updatePrice): 0xd96e2f58226c510164ae44d09b74bf7f1cba308fa84c5252a933655158aaacd6
  Gas: 45451
[2026-07-14T07:50:47Z] Done.
[2026-07-14T08:52:09Z] Starting oracle price update...
[2026-07-14T08:52:09Z] CoinGecko ETH price: $1783.67
[2026-07-14T08:52:09Z] Scaled price: 178367000000
[2026-07-14T08:52:09Z] ❌ Oracle price update REVERTED (status 0)
  TX: 
[2026-07-14T08:53:50Z] ✅ Oracle price updated (manual retry): $1783.67 (178367000000)
  TX: 0x4fdf1e8460f26e98bbe3c972446adc84c8c2339d0709db404f87b8903ed38862
  Gas: 45451 | Block: 45607624
[2026-07-14T09:55:12Z] Starting oracle price update...
[2026-07-14T09:55:12Z] CoinGecko ETH price: $1782.77
[2026-07-14T09:55:12Z] Scaled price: 178277000000
[2026-07-14T09:55:12Z] ✅ Oracle price updated: $1782.77 (178277000000)
  TX: 0x05869404d3a09a341ef1cdc0339b6036be535da0654af37dcb3458c1730a1f39
  Gas: 45451
[2026-07-14T09:55:12Z] Done.
[2026-07-14T10:55:52Z] Starting oracle price update...
[2026-07-14T10:55:52Z] CoinGecko ETH price: $1795.21
[2026-07-14T10:55:52Z] Scaled price: 179521000000
[2026-07-14T10:58:09Z] Starting oracle price update...
[2026-07-14T10:58:09Z] CoinGecko ETH price: $1796.73
[2026-07-14T10:58:09Z] Scaled price: 179673000000
[2026-07-14T10:58:09Z] ✅ Oracle price updated: $1796.73 (179673000000)
  TX: 0xd29988cd84b7ab5bf0af1d2531c1b856ac9515b09a10e20d75524ca695cf7e74
  Gas: 45451
[2026-07-14T10:58:09Z] Done.
