Sun Jun 21 09:00:03 PM WIB 2026: Updated hiveUSD price to 0.99888792 (99888792)
Sun Jun 21 09:05:04 PM WIB 2026: Updated hiveUSD price to 0.99880451 (99880451)
Sun Jun 21 09:10:03 PM WIB 2026: Updated hiveUSD price to 0.99883351 (99883351)
Sun Jun 21 09:15:04 PM WIB 2026: Updated hiveUSD price to 0.99882293 (99882293)
Sun Jun 21 09:20:04 PM WIB 2026: Updated hiveUSD price to 0.99884242 (99884242)
Sun Jun 21 09:25:04 PM WIB 2026: Updated hiveUSD price to 0.99882643 (99882643)
Sun Jun 21 09:30:04 PM WIB 2026: Updated hiveUSD price to 0.99887931 (99887931)
Sun Jun 21 09:35:05 PM WIB 2026: Updated hiveUSD price to 0.99886168 (99886168)
Sun Jun 21 09:40:04 PM WIB 2026: Updated hiveUSD price to 0.99884665 (99884665)
Sun Jun 21 09:45:05 PM WIB 2026: Updated hiveUSD price to 0.99881136 (99881136)
Sun Jun 21 09:50:04 PM WIB 2026: Updated hiveUSD price to 0.99882689 (99882689)
Sun Jun 21 09:55:03 PM WIB 2026: Updated hiveUSD price to 0.99881248 (99881248)
Sun Jun 21 10:00:04 PM WIB 2026: Updated hiveUSD price to 0.99879735 (99879735)
Sun Jun 21 10:05:04 PM WIB 2026: Updated hiveUSD price to 0.99889507 (99889507)
Sun Jun 21 10:10:04 PM WIB 2026: Updated hiveUSD price to 0.99885908 (99885908)
Sun Jun 21 10:15:05 PM WIB 2026: Updated hiveUSD price to 0.99886277 (99886277)
Sun Jun 21 10:20:04 PM WIB 2026: Updated hiveUSD price to 0.99882893 (99882893)
Sun Jun 21 10:25:03 PM WIB 2026: Updated hiveUSD price to 0.9988859 (99888590)
Sun Jun 21 10:30:05 PM WIB 2026: Updated hiveUSD price to 0.99890301 (99890301)
Sun Jun 21 10:35:04 PM WIB 2026: Updated hiveUSD price to 0.99888102 (99888102)
Sun Jun 21 10:40:04 PM WIB 2026: Updated hiveUSD price to 0.99885394 (99885394)
Sun Jun 21 10:45:04 PM WIB 2026: Updated hiveUSD price to 0.99890676 (99890676)
Sun Jun 21 10:50:05 PM WIB 2026: Updated hiveUSD price to 0.99880644 (99880644)
Sun Jun 21 10:55:04 PM WIB 2026: Updated hiveUSD price to 0.99882497 (99882497)
Sun Jun 21 11:00:04 PM WIB 2026: Updated hiveUSD price to 0.99877099 (99877099)
Sun Jun 21 11:05:04 PM WIB 2026: Updated hiveUSD price to 0.99889737 (99889737)
Sun Jun 21 11:10:03 PM WIB 2026: Updated hiveUSD price to 0.99880201 (99880201)
Sun Jun 21 11:15:04 PM WIB 2026: Updated hiveUSD price to 0.99890815 (99890815)
Sun Jun 21 11:20:05 PM WIB 2026: Updated hiveUSD price to 0.99880633 (99880633)
Sun Jun 21 11:25:04 PM WIB 2026: Updated hiveUSD price to 0.99886827 (99886827)
Sun Jun 21 11:30:04 PM WIB 2026: Updated hiveUSD price to 0.99886273 (99886273)
Sun Jun 21 11:35:04 PM WIB 2026: Updated hiveUSD price to 0.99887449 (99887449)
Sun Jun 21 11:40:04 PM WIB 2026: Updated hiveUSD price to 0.99887399 (99887399)
Sun Jun 21 11:45:05 PM WIB 2026: Updated hiveUSD price to 0.99884122 (99884122)
Sun Jun 21 11:50:04 PM WIB 2026: Updated hiveUSD price to 0.99888841 (99888841)
Sun Jun 21 11:55:04 PM WIB 2026: Updated hiveUSD price to 0.99889965 (99889965)
Mon Jun 22 12:00:03 AM WIB 2026: Updated hiveUSD price to 0.9988352 (99883520)
Mon Jun 22 12:05:04 AM WIB 2026: Updated hiveUSD price to 0.99885515 (99885515)
Mon Jun 22 12:10:04 AM WIB 2026: Updated hiveUSD price to 0.9988709 (99887090)
Mon Jun 22 12:15:03 AM WIB 2026: Updated hiveUSD price to 0.99887762 (99887762)
Mon Jun 22 12:20:04 AM WIB 2026: Updated hiveUSD price to 0.99885348 (99885348)
Mon Jun 22 12:25:04 AM WIB 2026: Updated hiveUSD price to 0.99885778 (99885778)
Mon Jun 22 12:30:04 AM WIB 2026: Updated hiveUSD price to 0.9988856 (99888560)
Mon Jun 22 12:35:04 AM WIB 2026: Updated hiveUSD price to 0.99881409 (99881409)
Mon Jun 22 12:40:03 AM WIB 2026: Updated hiveUSD price to 0.99884992 (99884992)
Mon Jun 22 12:45:03 AM WIB 2026: Updated hiveUSD price to 0.99882007 (99882007)
Mon Jun 22 12:50:05 AM WIB 2026: Updated hiveUSD price to 0.99891133 (99891133)
Mon Jun 22 12:55:04 AM WIB 2026: Updated hiveUSD price to 0.99880394 (99880394)
Mon Jun 22 01:00:04 AM WIB 2026: Updated hiveUSD price to 0.99883917 (99883917)
Mon Jun 22 01:05:05 AM WIB 2026: Updated hiveUSD price to 0.99891793 (99891793)
Mon Jun 22 01:10:03 AM WIB 2026: Updated hiveUSD price to 0.99885248 (99885248)
Mon Jun 22 01:15:04 AM WIB 2026: Updated hiveUSD price to 0.99891671 (99891671)
Mon Jun 22 01:20:04 AM WIB 2026: Updated hiveUSD price to 0.99890588 (99890588)
Mon Jun 22 01:25:04 AM WIB 2026: Updated hiveUSD price to 0.99888656 (99888656)
Mon Jun 22 01:30:04 AM WIB 2026: Updated hiveUSD price to 0.99882315 (99882315)
Mon Jun 22 01:35:05 AM WIB 2026: Updated hiveUSD price to 0.99887415 (99887415)
Mon Jun 22 01:40:05 AM WIB 2026: Updated hiveUSD price to 0.99881111 (99881111)
Mon Jun 22 01:45:05 AM WIB 2026: Updated hiveUSD price to 0.99885418 (99885418)
Mon Jun 22 01:50:03 AM WIB 2026: Updated hiveUSD price to 0.99884005 (99884005)
Mon Jun 22 01:55:04 AM WIB 2026: Updated hiveUSD price to 0.99886196 (99886196)
Mon Jun 22 02:00:04 AM WIB 2026: Updated hiveUSD price to 0.9988863 (99888630)
Mon Jun 22 02:05:03 AM WIB 2026: Updated hiveUSD price to 0.99890103 (99890103)
Mon Jun 22 02:10:04 AM WIB 2026: Updated hiveUSD price to 0.99887225 (99887225)
Mon Jun 22 02:15:04 AM WIB 2026: Updated hiveUSD price to 0.99893442 (99893442)
Mon Jun 22 02:20:04 AM WIB 2026: Updated hiveUSD price to 0.99884924 (99884924)
Mon Jun 22 02:25:04 AM WIB 2026: Updated hiveUSD price to 0.99886557 (99886557)
Mon Jun 22 02:30:04 AM WIB 2026: Updated hiveUSD price to 0.99891194 (99891194)
Mon Jun 22 02:35:04 AM WIB 2026: Updated hiveUSD price to 0.99884819 (99884819)
Mon Jun 22 02:40:04 AM WIB 2026: Updated hiveUSD price to 0.99885986 (99885986)
Mon Jun 22 02:45:05 AM WIB 2026: Updated hiveUSD price to 0.99890248 (99890248)
Mon Jun 22 02:50:03 AM WIB 2026: Updated hiveUSD price to 0.99890539 (99890539)
Mon Jun 22 02:55:03 AM WIB 2026: Updated hiveUSD price to 0.9988954 (99889540)
Mon Jun 22 03:00:04 AM WIB 2026: Updated hiveUSD price to 0.99885004 (99885004)
Mon Jun 22 03:05:04 AM WIB 2026: Updated hiveUSD price to 0.99890316 (99890316)
Mon Jun 22 03:10:04 AM WIB 2026: Updated hiveUSD price to 0.9989308 (99893080)
Mon Jun 22 03:15:04 AM WIB 2026: Updated hiveUSD price to 0.99885696 (99885696)
Mon Jun 22 03:20:04 AM WIB 2026: Updated hiveUSD price to 0.99891324 (99891324)
Mon Jun 22 03:25:05 AM WIB 2026: Updated hiveUSD price to 0.99893236 (99893236)
Mon Jun 22 03:30:05 AM WIB 2026: Updated hiveUSD price to 0.99886391 (99886391)
Mon Jun 22 03:35:04 AM WIB 2026: Updated hiveUSD price to 0.99885284 (99885284)
Mon Jun 22 03:40:05 AM WIB 2026: Updated hiveUSD price to 0.99883908 (99883908)
Mon Jun 22 03:45:03 AM WIB 2026: Updated hiveUSD price to 0.99886665 (99886665)
Mon Jun 22 03:50:05 AM WIB 2026: Updated hiveUSD price to 0.99890386 (99890386)
Mon Jun 22 03:55:03 AM WIB 2026: Updated hiveUSD price to 0.99889937 (99889937)
Mon Jun 22 04:00:05 AM WIB 2026: Updated hiveUSD price to 0.99888713 (99888713)
Mon Jun 22 04:05:03 AM WIB 2026: Updated hiveUSD price to 0.99892006 (99892006)
Mon Jun 22 04:10:04 AM WIB 2026: Updated hiveUSD price to 0.99882537 (99882537)
Mon Jun 22 04:15:04 AM WIB 2026: Updated hiveUSD price to 0.99892001 (99892001)
Mon Jun 22 04:20:04 AM WIB 2026: Updated hiveUSD price to 0.99895571 (99895571)
Mon Jun 22 04:25:04 AM WIB 2026: Updated hiveUSD price to 0.99890663 (99890663)
Mon Jun 22 04:30:04 AM WIB 2026: Updated hiveUSD price to 0.9988997 (99889970)
Mon Jun 22 04:35:04 AM WIB 2026: Updated hiveUSD price to 0.99887019 (99887019)
Mon Jun 22 04:40:04 AM WIB 2026: Updated hiveUSD price to 0.99893889 (99893889)
Mon Jun 22 04:45:05 AM WIB 2026: Updated hiveUSD price to 0.99890184 (99890184)
Mon Jun 22 04:50:04 AM WIB 2026: Updated hiveUSD price to 0.99895204 (99895204)
Mon Jun 22 04:55:03 AM WIB 2026: Updated hiveUSD price to 0.99893755 (99893755)
Mon Jun 22 05:00:04 AM WIB 2026: Updated hiveUSD price to 0.9988763 (99887630)
Mon Jun 22 05:05:03 AM WIB 2026: Updated hiveUSD price to 0.99888857 (99888857)
Mon Jun 22 05:10:05 AM WIB 2026: Updated hiveUSD price to 0.99883552 (99883552)
Mon Jun 22 05:15:03 AM WIB 2026: Updated hiveUSD price to 0.99884968 (99884968)
Mon Jun 22 05:20:04 AM WIB 2026: Updated hiveUSD price to 0.99884098 (99884098)
Mon Jun 22 05:25:03 AM WIB 2026: Updated hiveUSD price to 0.99881188 (99881188)
Mon Jun 22 05:30:05 AM WIB 2026: Updated hiveUSD price to 0.99882899 (99882899)
Mon Jun 22 05:35:04 AM WIB 2026: Updated hiveUSD price to 0.99888767 (99888767)
Mon Jun 22 05:40:04 AM WIB 2026: Updated hiveUSD price to 0.99892902 (99892902)
Mon Jun 22 05:45:04 AM WIB 2026: Updated hiveUSD price to 0.9989125 (99891250)
Mon Jun 22 05:50:05 AM WIB 2026: Updated hiveUSD price to 0.99888299 (99888299)
Mon Jun 22 05:55:03 AM WIB 2026: Updated hiveUSD price to 0.99888962 (99888962)
Mon Jun 22 06:00:05 AM WIB 2026: Updated hiveUSD price to 0.99887033 (99887033)
Mon Jun 22 06:05:05 AM WIB 2026: Updated hiveUSD price to 0.99892177 (99892177)
Mon Jun 22 06:10:03 AM WIB 2026: Updated hiveUSD price to 0.99885094 (99885094)
Mon Jun 22 06:15:04 AM WIB 2026: Updated hiveUSD price to 0.99893452 (99893452)
Mon Jun 22 06:20:04 AM WIB 2026: Updated hiveUSD price to 0.99884705 (99884705)
Mon Jun 22 06:25:04 AM WIB 2026: Updated hiveUSD price to 0.99886889 (99886889)
Mon Jun 22 06:30:03 AM WIB 2026: Updated hiveUSD price to 0.99890517 (99890517)
Mon Jun 22 06:35:04 AM WIB 2026: Updated hiveUSD price to 0.99891159 (99891159)
Mon Jun 22 06:40:05 AM WIB 2026: Updated hiveUSD price to 0.99890725 (99890725)
Mon Jun 22 06:45:04 AM WIB 2026: Updated hiveUSD price to 0.99890425 (99890425)
Mon Jun 22 06:50:04 AM WIB 2026: Updated hiveUSD price to 0.9988836 (99888360)
Mon Jun 22 06:55:04 AM WIB 2026: Updated hiveUSD price to 0.99887084 (99887084)
Mon Jun 22 07:00:04 AM WIB 2026: Updated hiveUSD price to 0.99878275 (99878275)
Mon Jun 22 07:05:03 AM WIB 2026: Updated hiveUSD price to 0.99876577 (99876577)
Mon Jun 22 07:10:04 AM WIB 2026: Updated hiveUSD price to 0.99883326 (99883326)
Mon Jun 22 07:15:05 AM WIB 2026: Updated hiveUSD price to 0.99883514 (99883514)
Mon Jun 22 07:20:04 AM WIB 2026: Updated hiveUSD price to 0.99884286 (99884286)
Mon Jun 22 07:25:05 AM WIB 2026: Updated hiveUSD price to 0.9989001 (99890010)
Mon Jun 22 07:30:05 AM WIB 2026: Updated hiveUSD price to 0.99883888 (99883888)
Mon Jun 22 07:35:04 AM WIB 2026: Updated hiveUSD price to 0.99889716 (99889716)
Mon Jun 22 07:40:05 AM WIB 2026: Updated hiveUSD price to 0.99881848 (99881848)
Mon Jun 22 07:45:04 AM WIB 2026: Updated hiveUSD price to 0.99879469 (99879469)
Mon Jun 22 07:50:04 AM WIB 2026: Updated hiveUSD price to 0.99885598 (99885598)
Mon Jun 22 07:55:03 AM WIB 2026: Updated hiveUSD price to 0.99883598 (99883598)
Mon Jun 22 08:00:04 AM WIB 2026: Updated hiveUSD price to 0.9988283 (99882830)
Mon Jun 22 08:05:05 AM WIB 2026: Updated hiveUSD price to 0.99881283 (99881283)
Mon Jun 22 08:10:04 AM WIB 2026: Updated hiveUSD price to 0.99888671 (99888671)
Mon Jun 22 08:15:04 AM WIB 2026: Updated hiveUSD price to 0.99879453 (99879453)
Mon Jun 22 08:20:03 AM WIB 2026: Updated hiveUSD price to 0.99883666 (99883666)
Mon Jun 22 08:25:04 AM WIB 2026: Updated hiveUSD price to 0.99887608 (99887608)
Mon Jun 22 08:30:04 AM WIB 2026: Updated hiveUSD price to 0.99890021 (99890021)
Mon Jun 22 08:35:04 AM WIB 2026: Updated hiveUSD price to 0.99878582 (99878582)
Mon Jun 22 08:40:04 AM WIB 2026: Updated hiveUSD price to 0.99878826 (99878826)
Mon Jun 22 08:45:03 AM WIB 2026: Updated hiveUSD price to 0.99881563 (99881563)
Mon Jun 22 08:50:04 AM WIB 2026: Updated hiveUSD price to 0.99876739 (99876739)
Mon Jun 22 08:55:05 AM WIB 2026: Updated hiveUSD price to 0.99881968 (99881968)
Mon Jun 22 09:00:03 AM WIB 2026: Updated hiveUSD price to 0.99880386 (99880386)
Mon Jun 22 09:05:05 AM WIB 2026: Updated hiveUSD price to 0.99878556 (99878556)
Mon Jun 22 09:10:04 AM WIB 2026: Updated hiveUSD price to 0.99882859 (99882859)
Mon Jun 22 09:15:04 AM WIB 2026: Updated hiveUSD price to 0.99886617 (99886617)
Mon Jun 22 09:20:04 AM WIB 2026: Updated hiveUSD price to 0.99879626 (99879626)
Mon Jun 22 09:25:04 AM WIB 2026: Updated hiveUSD price to 0.99882068 (99882068)
Mon Jun 22 09:30:03 AM WIB 2026: Updated hiveUSD price to 0.99872116 (99872116)
Mon Jun 22 09:35:05 AM WIB 2026: Updated hiveUSD price to 0.99873172 (99873172)
Mon Jun 22 09:40:03 AM WIB 2026: Updated hiveUSD price to 0.99870801 (99870801)
Mon Jun 22 09:45:04 AM WIB 2026: Updated hiveUSD price to 0.99877749 (99877749)
Mon Jun 22 09:50:03 AM WIB 2026: Updated hiveUSD price to 0.99875724 (99875724)
Mon Jun 22 09:55:04 AM WIB 2026: Updated hiveUSD price to 0.99880965 (99880965)
Mon Jun 22 10:00:05 AM WIB 2026: Updated hiveUSD price to 0.99878235 (99878235)
Mon Jun 22 10:05:03 AM WIB 2026: Updated hiveUSD price to 0.99873783 (99873783)
Mon Jun 22 10:10:04 AM WIB 2026: Updated hiveUSD price to 0.9987999 (99879990)
Mon Jun 22 10:15:04 AM WIB 2026: Updated hiveUSD price to 0.99869529 (99869529)
Mon Jun 22 10:20:04 AM WIB 2026: Updated hiveUSD price to 0.99873151 (99873151)
Mon Jun 22 10:25:04 AM WIB 2026: Updated hiveUSD price to 0.99874153 (99874153)
Mon Jun 22 10:30:03 AM WIB 2026: Updated hiveUSD price to 0.99880578 (99880578)
Mon Jun 22 10:35:04 AM WIB 2026: Updated hiveUSD price to 0.99881452 (99881452)
Mon Jun 22 10:40:05 AM WIB 2026: Updated hiveUSD price to 0.99868099 (99868099)
Mon Jun 22 10:45:03 AM WIB 2026: Updated hiveUSD price to 0.99878437 (99878437)
Mon Jun 22 10:50:04 AM WIB 2026: Updated hiveUSD price to 0.99874303 (99874303)
Mon Jun 22 10:55:04 AM WIB 2026: Updated hiveUSD price to 0.99869584 (99869584)
Mon Jun 22 11:00:04 AM WIB 2026: Updated hiveUSD price to 0.99870659 (99870659)
Mon Jun 22 11:05:05 AM WIB 2026: Updated hiveUSD price to 0.99871251 (99871251)
Mon Jun 22 11:10:04 AM WIB 2026: Updated hiveUSD price to 0.99873304 (99873304)
Mon Jun 22 11:15:03 AM WIB 2026: Updated hiveUSD price to 0.998728 (99872800)
Mon Jun 22 11:20:05 AM WIB 2026: Updated hiveUSD price to 0.99874278 (99874278)
Mon Jun 22 11:25:03 AM WIB 2026: Updated hiveUSD price to 0.99879258 (99879258)
Mon Jun 22 11:30:04 AM WIB 2026: Updated hiveUSD price to 0.9986873 (99868730)
Mon Jun 22 11:35:04 AM WIB 2026: Updated hiveUSD price to 0.9987083 (99870830)
Mon Jun 22 11:40:04 AM WIB 2026: Updated hiveUSD price to 0.99871554 (99871554)
Mon Jun 22 11:45:04 AM WIB 2026: Updated hiveUSD price to 0.99862512 (99862512)
Mon Jun 22 11:50:03 AM WIB 2026: Updated hiveUSD price to 0.99873635 (99873635)
Mon Jun 22 11:55:04 AM WIB 2026: Updated hiveUSD price to 0.9986609 (99866090)
Mon Jun 22 12:00:04 PM WIB 2026: Updated hiveUSD price to 0.99867063 (99867063)
Mon Jun 22 12:05:04 PM WIB 2026: Updated hiveUSD price to 0.99872572 (99872572)
Mon Jun 22 12:10:04 PM WIB 2026: Updated hiveUSD price to 0.99870923 (99870923)
Mon Jun 22 12:15:04 PM WIB 2026: Updated hiveUSD price to 0.99872155 (99872155)
Mon Jun 22 12:20:05 PM WIB 2026: Updated hiveUSD price to 0.99868342 (99868342)
Mon Jun 22 12:25:03 PM WIB 2026: Updated hiveUSD price to 0.99869258 (99869258)
Mon Jun 22 12:30:04 PM WIB 2026: Updated hiveUSD price to 0.99872125 (99872125)
Mon Jun 22 12:35:04 PM WIB 2026: Updated hiveUSD price to 0.99873507 (99873507)
Mon Jun 22 12:40:03 PM WIB 2026: Updated hiveUSD price to 0.99868432 (99868432)
Mon Jun 22 12:45:04 PM WIB 2026: Updated hiveUSD price to 0.99875729 (99875729)
Mon Jun 22 12:50:05 PM WIB 2026: Updated hiveUSD price to 0.99871685 (99871685)
Mon Jun 22 12:55:05 PM WIB 2026: Updated hiveUSD price to 0.99874064 (99874064)
Mon Jun 22 01:00:04 PM WIB 2026: Updated hiveUSD price to 0.99875214 (99875214)
Mon Jun 22 01:05:04 PM WIB 2026: Updated hiveUSD price to 0.99878217 (99878217)
Mon Jun 22 01:10:04 PM WIB 2026: Updated hiveUSD price to 0.99877681 (99877681)
Mon Jun 22 01:15:04 PM WIB 2026: Updated hiveUSD price to 0.99881862 (99881862)
Mon Jun 22 01:20:04 PM WIB 2026: Updated hiveUSD price to 0.9987649 (99876490)
Mon Jun 22 01:25:04 PM WIB 2026: Updated hiveUSD price to 0.99886228 (99886228)
Mon Jun 22 01:30:05 PM WIB 2026: Updated hiveUSD price to 0.99875394 (99875394)
Mon Jun 22 01:35:03 PM WIB 2026: Updated hiveUSD price to 0.99880045 (99880045)
Mon Jun 22 01:40:04 PM WIB 2026: Updated hiveUSD price to 0.99880365 (99880365)
Mon Jun 22 01:45:03 PM WIB 2026: Updated hiveUSD price to 0.99873805 (99873805)
Mon Jun 22 01:50:04 PM WIB 2026: Updated hiveUSD price to 0.99880386 (99880386)
Mon Jun 22 01:55:04 PM WIB 2026: Updated hiveUSD price to 0.99876028 (99876028)
Mon Jun 22 02:00:04 PM WIB 2026: Updated hiveUSD price to 0.99872471 (99872471)
Mon Jun 22 02:05:04 PM WIB 2026: Updated hiveUSD price to 0.99872843 (99872843)
Mon Jun 22 02:10:04 PM WIB 2026: Updated hiveUSD price to 0.99874483 (99874483)
Mon Jun 22 02:15:05 PM WIB 2026: Updated hiveUSD price to 0.99878806 (99878806)
Mon Jun 22 02:20:04 PM WIB 2026: Updated hiveUSD price to 0.9987953 (99879530)
Mon Jun 22 02:25:04 PM WIB 2026: Updated hiveUSD price to 0.99871556 (99871556)
Mon Jun 22 02:30:05 PM WIB 2026: Updated hiveUSD price to 0.99874837 (99874837)
Mon Jun 22 02:35:04 PM WIB 2026: Updated hiveUSD price to 0.99878484 (99878484)
Mon Jun 22 02:40:03 PM WIB 2026: Updated hiveUSD price to 0.99871827 (99871827)
Mon Jun 22 02:45:04 PM WIB 2026: Updated hiveUSD price to 0.99871329 (99871329)
Mon Jun 22 02:50:04 PM WIB 2026: Updated hiveUSD price to 0.99873199 (99873199)
Mon Jun 22 02:55:04 PM WIB 2026: Updated hiveUSD price to 0.99872976 (99872976)
Mon Jun 22 03:00:05 PM WIB 2026: Updated hiveUSD price to 0.99876077 (99876077)
Mon Jun 22 03:05:04 PM WIB 2026: Updated hiveUSD price to 0.99875169 (99875169)
Mon Jun 22 03:10:04 PM WIB 2026: Updated hiveUSD price to 0.99875415 (99875415)
Mon Jun 22 03:15:04 PM WIB 2026: Updated hiveUSD price to 0.99875582 (99875582)
Mon Jun 22 03:20:05 PM WIB 2026: Updated hiveUSD price to 0.99878443 (99878443)
Mon Jun 22 03:25:04 PM WIB 2026: Updated hiveUSD price to 0.99874673 (99874673)
Mon Jun 22 03:30:04 PM WIB 2026: Updated hiveUSD price to 0.99876047 (99876047)
Mon Jun 22 03:35:04 PM WIB 2026: Updated hiveUSD price to 0.99875408 (99875408)
Mon Jun 22 03:40:03 PM WIB 2026: Updated hiveUSD price to 0.99877479 (99877479)
Mon Jun 22 03:45:04 PM WIB 2026: Updated hiveUSD price to 0.99874961 (99874961)
Mon Jun 22 03:50:04 PM WIB 2026: Updated hiveUSD price to 0.99878966 (99878966)
Mon Jun 22 03:55:04 PM WIB 2026: Updated hiveUSD price to 0.99886762 (99886762)
Mon Jun 22 04:00:04 PM WIB 2026: Updated hiveUSD price to 0.9988867 (99888670)
Mon Jun 22 04:05:03 PM WIB 2026: Updated hiveUSD price to 0.9988361 (99883610)
Mon Jun 22 04:10:06 PM WIB 2026: Updated hiveUSD price to 0.99888435 (99888435)
Mon Jun 22 04:15:04 PM WIB 2026: Updated hiveUSD price to 0.99881437 (99881437)
Mon Jun 22 04:20:04 PM WIB 2026: Updated hiveUSD price to 0.99890235 (99890235)
Mon Jun 22 04:25:04 PM WIB 2026: Updated hiveUSD price to 0.99884232 (99884232)
Mon Jun 22 04:30:04 PM WIB 2026: Updated hiveUSD price to 0.99885123 (99885123)
Mon Jun 22 04:35:03 PM WIB 2026: Updated hiveUSD price to 0.99885014 (99885014)
Mon Jun 22 04:40:05 PM WIB 2026: Updated hiveUSD price to 0.99879594 (99879594)
Mon Jun 22 04:45:04 PM WIB 2026: Updated hiveUSD price to 0.9987975 (99879750)
Mon Jun 22 04:50:04 PM WIB 2026: Updated hiveUSD price to 0.99884346 (99884346)
Mon Jun 22 04:55:03 PM WIB 2026: Updated hiveUSD price to 0.99883993 (99883993)
Mon Jun 22 05:00:05 PM WIB 2026: Updated hiveUSD price to 0.99883603 (99883603)
Mon Jun 22 05:05:04 PM WIB 2026: Updated hiveUSD price to 0.99885373 (99885373)
Mon Jun 22 05:10:04 PM WIB 2026: Updated hiveUSD price to 0.99879555 (99879555)
Mon Jun 22 05:15:04 PM WIB 2026: Updated hiveUSD price to 0.99886315 (99886315)
Mon Jun 22 05:20:04 PM WIB 2026: Updated hiveUSD price to 0.99887567 (99887567)
Mon Jun 22 05:25:04 PM WIB 2026: Updated hiveUSD price to 0.99889544 (99889544)
Mon Jun 22 05:30:05 PM WIB 2026: Updated hiveUSD price to 0.99893091 (99893091)
Mon Jun 22 05:35:04 PM WIB 2026: Updated hiveUSD price to 0.99887079 (99887079)
Mon Jun 22 05:40:04 PM WIB 2026: Updated hiveUSD price to 0.9988507 (99885070)
Mon Jun 22 05:45:05 PM WIB 2026: Updated hiveUSD price to 0.99888352 (99888352)
Mon Jun 22 05:50:03 PM WIB 2026: Updated hiveUSD price to 0.99886775 (99886775)
Mon Jun 22 05:55:04 PM WIB 2026: Updated hiveUSD price to 0.9988776 (99887760)
Mon Jun 22 06:00:04 PM WIB 2026: Updated hiveUSD price to 0.99883537 (99883537)
Mon Jun 22 06:05:04 PM WIB 2026: Updated hiveUSD price to 0.99888618 (99888618)
Mon Jun 22 06:10:03 PM WIB 2026: Updated hiveUSD price to 0.9988879 (99888790)
Mon Jun 22 06:15:05 PM WIB 2026: Updated hiveUSD price to 0.99895761 (99895761)
Mon Jun 22 06:20:04 PM WIB 2026: Updated hiveUSD price to 0.99895868 (99895868)
Mon Jun 22 06:25:04 PM WIB 2026: Updated hiveUSD price to 0.9988949 (99889490)
Mon Jun 22 06:30:04 PM WIB 2026: Updated hiveUSD price to 0.99890303 (99890303)
Mon Jun 22 06:35:04 PM WIB 2026: Updated hiveUSD price to 0.99893639 (99893639)
Mon Jun 22 06:40:04 PM WIB 2026: Updated hiveUSD price to 0.99892775 (99892775)
Mon Jun 22 06:45:04 PM WIB 2026: Updated hiveUSD price to 0.99892949 (99892949)
Mon Jun 22 06:50:03 PM WIB 2026: Updated hiveUSD price to 0.99892338 (99892338)
Mon Jun 22 06:55:05 PM WIB 2026: Updated hiveUSD price to 0.99892932 (99892932)
Mon Jun 22 07:00:04 PM WIB 2026: Updated hiveUSD price to 0.99890198 (99890198)
Mon Jun 22 07:05:04 PM WIB 2026: Updated hiveUSD price to 0.99893695 (99893695)
Mon Jun 22 07:10:04 PM WIB 2026: Updated hiveUSD price to 0.99894505 (99894505)
Mon Jun 22 07:15:03 PM WIB 2026: Updated hiveUSD price to 0.99896599 (99896599)
Mon Jun 22 07:20:05 PM WIB 2026: Updated hiveUSD price to 0.99901792 (99901792)
Mon Jun 22 07:25:03 PM WIB 2026: Updated hiveUSD price to 0.99899868 (99899868)
Mon Jun 22 07:30:04 PM WIB 2026: Updated hiveUSD price to 0.99896742 (99896742)
Mon Jun 22 07:35:04 PM WIB 2026: Updated hiveUSD price to 0.99895817 (99895817)
Mon Jun 22 07:40:04 PM WIB 2026: Updated hiveUSD price to 0.99891827 (99891827)
Mon Jun 22 07:45:04 PM WIB 2026: Updated hiveUSD price to 0.99894729 (99894729)
Mon Jun 22 07:50:04 PM WIB 2026: Updated hiveUSD price to 0.99891735 (99891735)
Mon Jun 22 07:55:04 PM WIB 2026: Updated hiveUSD price to 0.99895522 (99895522)
Mon Jun 22 08:00:04 PM WIB 2026: Updated hiveUSD price to 0.99896167 (99896167)
Mon Jun 22 08:05:04 PM WIB 2026: Updated hiveUSD price to 0.9989587 (99895870)
Mon Jun 22 08:10:03 PM WIB 2026: Updated hiveUSD price to 0.99900287 (99900287)
Mon Jun 22 08:15:04 PM WIB 2026: Updated hiveUSD price to 0.99898543 (99898543)
Mon Jun 22 08:20:04 PM WIB 2026: Updated hiveUSD price to 0.99891966 (99891966)
Mon Jun 22 08:25:03 PM WIB 2026: Updated hiveUSD price to 0.998928 (99892800)
Mon Jun 22 08:30:04 PM WIB 2026: Updated hiveUSD price to 0.99901302 (99901302)
Mon Jun 22 08:35:04 PM WIB 2026: Updated hiveUSD price to 0.99899455 (99899455)
Mon Jun 22 08:40:04 PM WIB 2026: Updated hiveUSD price to 0.99892339 (99892339)
Mon Jun 22 08:45:04 PM WIB 2026: Updated hiveUSD price to 0.99899798 (99899798)
Mon Jun 22 08:50:03 PM WIB 2026: Updated hiveUSD price to 0.99890441 (99890441)
Mon Jun 22 08:55:04 PM WIB 2026: Updated hiveUSD price to 0.99889781 (99889781)
Mon Jun 22 09:00:05 PM WIB 2026: Updated hiveUSD price to 0.99890126 (99890126)
Mon Jun 22 09:05:04 PM WIB 2026: Updated hiveUSD price to 0.99896612 (99896612)
Mon Jun 22 09:10:04 PM WIB 2026: Updated hiveUSD price to 0.99888594 (99888594)
Mon Jun 22 09:15:04 PM WIB 2026: Updated hiveUSD price to 0.99889511 (99889511)
Mon Jun 22 09:20:05 PM WIB 2026: Updated hiveUSD price to 0.99897099 (99897099)
Mon Jun 22 09:25:04 PM WIB 2026: Updated hiveUSD price to 0.99885388 (99885388)
Mon Jun 22 09:30:04 PM WIB 2026: Updated hiveUSD price to 0.99890082 (99890082)
Mon Jun 22 09:35:04 PM WIB 2026: Updated hiveUSD price to 0.99890947 (99890947)
Mon Jun 22 09:40:03 PM WIB 2026: Updated hiveUSD price to 0.99897787 (99897787)
Mon Jun 22 09:45:04 PM WIB 2026: Updated hiveUSD price to 0.99889654 (99889654)
Mon Jun 22 09:50:04 PM WIB 2026: Updated hiveUSD price to 0.99889059 (99889059)
Mon Jun 22 09:55:04 PM WIB 2026: Updated hiveUSD price to 0.99888586 (99888586)
Mon Jun 22 10:00:03 PM WIB 2026: Updated hiveUSD price to 0.99883529 (99883529)
Mon Jun 22 10:05:04 PM WIB 2026: Updated hiveUSD price to 0.99888256 (99888256)
Mon Jun 22 10:10:04 PM WIB 2026: Updated hiveUSD price to 0.99895709 (99895709)
Mon Jun 22 10:15:04 PM WIB 2026: Updated hiveUSD price to 0.99890556 (99890556)
Mon Jun 22 10:20:04 PM WIB 2026: Updated hiveUSD price to 0.99895721 (99895721)
Mon Jun 22 10:25:04 PM WIB 2026: Updated hiveUSD price to 0.99895073 (99895073)
Mon Jun 22 10:30:04 PM WIB 2026: Updated hiveUSD price to 0.9988831 (99888310)
Mon Jun 22 10:35:03 PM WIB 2026: Updated hiveUSD price to 0.99888889 (99888889)
Mon Jun 22 10:40:04 PM WIB 2026: Updated hiveUSD price to 0.99889436 (99889436)
Mon Jun 22 10:45:03 PM WIB 2026: Updated hiveUSD price to 0.99887357 (99887357)
Mon Jun 22 10:50:04 PM WIB 2026: Updated hiveUSD price to 0.99891314 (99891314)
Mon Jun 22 10:55:04 PM WIB 2026: Updated hiveUSD price to 0.99893085 (99893085)
Mon Jun 22 11:00:04 PM WIB 2026: Updated hiveUSD price to 0.99893221 (99893221)
Mon Jun 22 11:05:05 PM WIB 2026: Updated hiveUSD price to 0.99892592 (99892592)
Mon Jun 22 11:10:03 PM WIB 2026: Updated hiveUSD price to 0.99896605 (99896605)
Mon Jun 22 11:15:05 PM WIB 2026: Updated hiveUSD price to 0.99887814 (99887814)
Mon Jun 22 11:20:04 PM WIB 2026: Updated hiveUSD price to 0.99894255 (99894255)
Mon Jun 22 11:25:04 PM WIB 2026: Updated hiveUSD price to 0.99889064 (99889064)
Mon Jun 22 11:30:05 PM WIB 2026: Updated hiveUSD price to 0.99889282 (99889282)
Mon Jun 22 11:35:04 PM WIB 2026: Updated hiveUSD price to 0.99887622 (99887622)
Mon Jun 22 11:40:04 PM WIB 2026: Updated hiveUSD price to 0.99894631 (99894631)
Mon Jun 22 11:45:04 PM WIB 2026: Updated hiveUSD price to 0.99888704 (99888704)
Mon Jun 22 11:50:04 PM WIB 2026: Updated hiveUSD price to 0.99888727 (99888727)
Mon Jun 22 11:55:03 PM WIB 2026: Updated hiveUSD price to 0.99885695 (99885695)
Tue Jun 23 12:00:05 AM WIB 2026: Updated hiveUSD price to 0.99894996 (99894996)
Tue Jun 23 12:05:04 AM WIB 2026: Updated hiveUSD price to 0.99893814 (99893814)
Tue Jun 23 12:10:04 AM WIB 2026: Updated hiveUSD price to 0.99890829 (99890829)
Tue Jun 23 12:15:05 AM WIB 2026: Updated hiveUSD price to 0.99890593 (99890593)
Tue Jun 23 12:20:04 AM WIB 2026: Updated hiveUSD price to 0.99896534 (99896534)
Tue Jun 23 12:25:05 AM WIB 2026: Updated hiveUSD price to 0.9989063 (99890630)
Tue Jun 23 12:30:04 AM WIB 2026: Updated hiveUSD price to 0.99889579 (99889579)
Tue Jun 23 12:35:04 AM WIB 2026: Updated hiveUSD price to 0.99890783 (99890783)
Tue Jun 23 12:40:05 AM WIB 2026: Updated hiveUSD price to 0.9989742 (99897420)
Tue Jun 23 12:45:03 AM WIB 2026: Updated hiveUSD price to 0.99898743 (99898743)
Tue Jun 23 12:50:04 AM WIB 2026: Updated hiveUSD price to 0.99892317 (99892317)
Tue Jun 23 12:55:03 AM WIB 2026: Updated hiveUSD price to 0.99895291 (99895291)
Tue Jun 23 01:00:05 AM WIB 2026: Updated hiveUSD price to 0.99898315 (99898315)
Tue Jun 23 01:05:04 AM WIB 2026: Updated hiveUSD price to 0.99896033 (99896033)
Tue Jun 23 01:10:04 AM WIB 2026: Updated hiveUSD price to 0.99898533 (99898533)
Tue Jun 23 01:15:04 AM WIB 2026: Updated hiveUSD price to 0.99898617 (99898617)
Tue Jun 23 01:20:04 AM WIB 2026: Updated hiveUSD price to 0.99899342 (99899342)
Tue Jun 23 01:25:04 AM WIB 2026: Updated hiveUSD price to 0.99894085 (99894085)
Tue Jun 23 01:30:05 AM WIB 2026: Updated hiveUSD price to 0.99898897 (99898897)
Tue Jun 23 01:35:04 AM WIB 2026: Updated hiveUSD price to 0.99899011 (99899011)
Tue Jun 23 01:40:05 AM WIB 2026: Updated hiveUSD price to 0.99901658 (99901658)
Tue Jun 23 01:45:03 AM WIB 2026: Updated hiveUSD price to 0.99898209 (99898209)
Tue Jun 23 01:50:04 AM WIB 2026: Updated hiveUSD price to 0.99899207 (99899207)
Tue Jun 23 01:55:03 AM WIB 2026: Updated hiveUSD price to 0.99898335 (99898335)
Tue Jun 23 02:00:04 AM WIB 2026: Updated hiveUSD price to 0.99897939 (99897939)
Tue Jun 23 02:05:04 AM WIB 2026: Updated hiveUSD price to 0.99896262 (99896262)
Tue Jun 23 02:10:05 AM WIB 2026: Updated hiveUSD price to 0.99896967 (99896967)
Tue Jun 23 02:15:04 AM WIB 2026: Updated hiveUSD price to 0.99900513 (99900513)
Tue Jun 23 02:20:05 AM WIB 2026: Updated hiveUSD price to 0.99901685 (99901685)
Tue Jun 23 02:25:03 AM WIB 2026: Updated hiveUSD price to 0.99897226 (99897226)
Tue Jun 23 02:30:05 AM WIB 2026: Updated hiveUSD price to 0.9989726 (99897260)
Tue Jun 23 02:35:04 AM WIB 2026: Updated hiveUSD price to 0.99895246 (99895246)
Tue Jun 23 02:40:04 AM WIB 2026: Updated hiveUSD price to 0.99896572 (99896572)
Tue Jun 23 02:45:04 AM WIB 2026: Updated hiveUSD price to 0.99901741 (99901741)
Tue Jun 23 02:50:04 AM WIB 2026: Updated hiveUSD price to 0.99895959 (99895959)
Tue Jun 23 02:55:04 AM WIB 2026: Updated hiveUSD price to 0.99893452 (99893452)
Tue Jun 23 03:00:04 AM WIB 2026: Updated hiveUSD price to 0.99901944 (99901944)
Tue Jun 23 03:05:03 AM WIB 2026: Updated hiveUSD price to 0.99898965 (99898965)
Tue Jun 23 03:10:05 AM WIB 2026: Updated hiveUSD price to 0.99897865 (99897865)
Tue Jun 23 03:15:03 AM WIB 2026: Updated hiveUSD price to 0.99896587 (99896587)
Tue Jun 23 03:20:06 AM WIB 2026: Updated hiveUSD price to 0.99896181 (99896181)
Tue Jun 23 03:25:03 AM WIB 2026: Updated hiveUSD price to 0.99900167 (99900167)
Tue Jun 23 03:30:04 AM WIB 2026: Updated hiveUSD price to 0.99901172 (99901172)
Tue Jun 23 03:35:06 AM WIB 2026: Updated hiveUSD price to 0.99897798 (99897798)
Tue Jun 23 03:40:04 AM WIB 2026: Updated hiveUSD price to 0.99897762 (99897762)
Tue Jun 23 03:45:04 AM WIB 2026: Updated hiveUSD price to 0.99898146 (99898146)
Tue Jun 23 03:50:04 AM WIB 2026: Updated hiveUSD price to 0.99898541 (99898541)
Tue Jun 23 03:55:04 AM WIB 2026: Updated hiveUSD price to 0.99893487 (99893487)
Tue Jun 23 04:00:04 AM WIB 2026: Updated hiveUSD price to 0.99895943 (99895943)
Tue Jun 23 04:05:04 AM WIB 2026: Updated hiveUSD price to 0.99896941 (99896941)
Tue Jun 23 04:10:04 AM WIB 2026: Updated hiveUSD price to 0.99894551 (99894551)
Tue Jun 23 04:15:04 AM WIB 2026: Updated hiveUSD price to 0.99897177 (99897177)
Tue Jun 23 04:20:05 AM WIB 2026: Updated hiveUSD price to 0.99890356 (99890356)
Tue Jun 23 04:25:04 AM WIB 2026: Updated hiveUSD price to 0.99896983 (99896983)
Tue Jun 23 04:30:04 AM WIB 2026: Updated hiveUSD price to 0.99893261 (99893261)
Tue Jun 23 04:35:04 AM WIB 2026: Updated hiveUSD price to 0.99894773 (99894773)
Tue Jun 23 04:40:03 AM WIB 2026: Updated hiveUSD price to 0.99900491 (99900491)
Tue Jun 23 04:45:04 AM WIB 2026: Updated hiveUSD price to 0.99896955 (99896955)
Tue Jun 23 04:50:03 AM WIB 2026: Updated hiveUSD price to 0.99898618 (99898618)
Tue Jun 23 04:55:04 AM WIB 2026: Updated hiveUSD price to 0.99894987 (99894987)
Tue Jun 23 05:00:04 AM WIB 2026: Updated hiveUSD price to 0.99897733 (99897733)
Tue Jun 23 05:05:04 AM WIB 2026: Updated hiveUSD price to 0.9989436 (99894360)
Tue Jun 23 05:10:04 AM WIB 2026: Updated hiveUSD price to 0.99899525 (99899525)
Tue Jun 23 05:15:04 AM WIB 2026: Updated hiveUSD price to 0.99893555 (99893555)
Tue Jun 23 05:20:05 AM WIB 2026: Updated hiveUSD price to 0.99892746 (99892746)
Tue Jun 23 05:25:04 AM WIB 2026: Updated hiveUSD price to 0.9989589 (99895890)
Tue Jun 23 05:30:04 AM WIB 2026: Updated hiveUSD price to 0.99894509 (99894509)
Tue Jun 23 05:35:05 AM WIB 2026: Updated hiveUSD price to 0.99892611 (99892611)
Tue Jun 23 05:40:04 AM WIB 2026: Updated hiveUSD price to 0.9989915 (99899150)
Tue Jun 23 05:45:03 AM WIB 2026: Updated hiveUSD price to 0.99898117 (99898117)
Tue Jun 23 05:50:04 AM WIB 2026: Updated hiveUSD price to 0.9989846 (99898460)
Tue Jun 23 05:55:04 AM WIB 2026: Updated hiveUSD price to 0.99893212 (99893212)
Tue Jun 23 06:00:05 AM WIB 2026: Updated hiveUSD price to 0.99891557 (99891557)
Tue Jun 23 06:05:04 AM WIB 2026: Updated hiveUSD price to 0.99891202 (99891202)
Tue Jun 23 06:10:04 AM WIB 2026: Updated hiveUSD price to 0.99899103 (99899103)
Tue Jun 23 06:15:04 AM WIB 2026: Updated hiveUSD price to 0.99898459 (99898459)
Tue Jun 23 06:20:04 AM WIB 2026: Updated hiveUSD price to 0.99894461 (99894461)
Tue Jun 23 06:25:04 AM WIB 2026: Updated hiveUSD price to 0.99889988 (99889988)
Tue Jun 23 06:30:04 AM WIB 2026: Updated hiveUSD price to 0.99888939 (99888939)
Tue Jun 23 06:35:03 AM WIB 2026: Updated hiveUSD price to 0.99887356 (99887356)
Tue Jun 23 06:40:04 AM WIB 2026: Updated hiveUSD price to 0.99894682 (99894682)
Tue Jun 23 06:45:05 AM WIB 2026: Updated hiveUSD price to 0.99890571 (99890571)
Tue Jun 23 06:50:03 AM WIB 2026: Updated hiveUSD price to 0.99893878 (99893878)
Tue Jun 23 06:55:04 AM WIB 2026: Updated hiveUSD price to 0.99888557 (99888557)
Tue Jun 23 07:00:04 AM WIB 2026: Updated hiveUSD price to 0.99895132 (99895132)
Tue Jun 23 07:05:04 AM WIB 2026: Updated hiveUSD price to 0.99886083 (99886083)
Tue Jun 23 07:10:05 AM WIB 2026: Updated hiveUSD price to 0.99890001 (99890001)
Tue Jun 23 07:15:04 AM WIB 2026: Updated hiveUSD price to 0.99894966 (99894966)
Tue Jun 23 07:20:05 AM WIB 2026: Updated hiveUSD price to 0.99891745 (99891745)
Tue Jun 23 07:25:04 AM WIB 2026: Updated hiveUSD price to 0.99894258 (99894258)
Tue Jun 23 07:30:04 AM WIB 2026: Updated hiveUSD price to 0.99891005 (99891005)
Tue Jun 23 07:35:04 AM WIB 2026: Updated hiveUSD price to 0.99892908 (99892908)
Tue Jun 23 07:40:04 AM WIB 2026: Updated hiveUSD price to 0.99888519 (99888519)
Tue Jun 23 07:45:05 AM WIB 2026: Updated hiveUSD price to 0.99889012 (99889012)
Tue Jun 23 07:50:03 AM WIB 2026: Updated hiveUSD price to 0.99888309 (99888309)
Tue Jun 23 07:55:04 AM WIB 2026: Updated hiveUSD price to 0.99895811 (99895811)
Tue Jun 23 08:00:04 AM WIB 2026: Updated hiveUSD price to 0.99892664 (99892664)
Tue Jun 23 08:05:05 AM WIB 2026: Updated hiveUSD price to 0.99892721 (99892721)
Tue Jun 23 08:10:04 AM WIB 2026: Updated hiveUSD price to 0.99888269 (99888269)
Tue Jun 23 08:15:04 AM WIB 2026: Updated hiveUSD price to 0.99888471 (99888471)
Tue Jun 23 08:20:05 AM WIB 2026: Updated hiveUSD price to 0.99891482 (99891482)
Tue Jun 23 08:25:03 AM WIB 2026: Updated hiveUSD price to 0.99895227 (99895227)
Tue Jun 23 08:30:05 AM WIB 2026: Updated hiveUSD price to 0.99888249 (99888249)
Tue Jun 23 08:35:04 AM WIB 2026: Updated hiveUSD price to 0.99889147 (99889147)
Tue Jun 23 08:40:04 AM WIB 2026: Updated hiveUSD price to 0.998975 (99897500)
Tue Jun 23 08:45:03 AM WIB 2026: Updated hiveUSD price to 0.99891326 (99891326)
Tue Jun 23 08:50:05 AM WIB 2026: Updated hiveUSD price to 0.99894679 (99894679)
Tue Jun 23 08:55:04 AM WIB 2026: Updated hiveUSD price to 0.99888784 (99888784)
Tue Jun 23 09:00:05 AM WIB 2026: Updated hiveUSD price to 0.99886166 (99886166)
Tue Jun 23 09:05:05 AM WIB 2026: Updated hiveUSD price to 0.99888864 (99888864)
Tue Jun 23 09:10:04 AM WIB 2026: Updated hiveUSD price to 0.99888396 (99888396)
Tue Jun 23 09:15:03 AM WIB 2026: Updated hiveUSD price to 0.99886264 (99886264)
Tue Jun 23 09:20:04 AM WIB 2026: Updated hiveUSD price to 0.99891665 (99891665)
Tue Jun 23 09:25:05 AM WIB 2026: Updated hiveUSD price to 0.99884432 (99884432)
Tue Jun 23 09:30:04 AM WIB 2026: Updated hiveUSD price to 0.99887396 (99887396)
Tue Jun 23 09:35:03 AM WIB 2026: Updated hiveUSD price to 0.99883442 (99883442)
Tue Jun 23 09:40:04 AM WIB 2026: Updated hiveUSD price to 0.99880907 (99880907)
Tue Jun 23 09:45:04 AM WIB 2026: Updated hiveUSD price to 0.99881054 (99881054)
Tue Jun 23 09:50:03 AM WIB 2026: Updated hiveUSD price to 0.99885935 (99885935)
Tue Jun 23 09:55:04 AM WIB 2026: Updated hiveUSD price to 0.99884265 (99884265)
Tue Jun 23 10:00:04 AM WIB 2026: Updated hiveUSD price to 0.99879605 (99879605)
Tue Jun 23 10:05:05 AM WIB 2026: Updated hiveUSD price to 0.9988421 (99884210)
Tue Jun 23 10:10:04 AM WIB 2026: Updated hiveUSD price to 0.99876673 (99876673)
Tue Jun 23 10:15:04 AM WIB 2026: Updated hiveUSD price to 0.99876478 (99876478)
Tue Jun 23 10:20:03 AM WIB 2026: Updated hiveUSD price to 0.99876601 (99876601)
Tue Jun 23 10:25:05 AM WIB 2026: Updated hiveUSD price to 0.99876344 (99876344)
Tue Jun 23 10:30:03 AM WIB 2026: Updated hiveUSD price to 0.99878262 (99878262)
Tue Jun 23 10:35:04 AM WIB 2026: Updated hiveUSD price to 0.99884836 (99884836)
Tue Jun 23 10:40:04 AM WIB 2026: Updated hiveUSD price to 0.99883275 (99883275)
Tue Jun 23 10:45:04 AM WIB 2026: Updated hiveUSD price to 0.99877251 (99877251)
Tue Jun 23 10:50:05 AM WIB 2026: Updated hiveUSD price to 0.99880296 (99880296)
Tue Jun 23 10:55:03 AM WIB 2026: Updated hiveUSD price to 0.99877097 (99877097)
Tue Jun 23 11:00:04 AM WIB 2026: Updated hiveUSD price to 0.99877643 (99877643)
Tue Jun 23 11:05:03 AM WIB 2026: Updated hiveUSD price to 0.9988206 (99882060)
Tue Jun 23 11:10:04 AM WIB 2026: Updated hiveUSD price to 0.99878324 (99878324)
Tue Jun 23 11:15:05 AM WIB 2026: Updated hiveUSD price to 0.99883321 (99883321)
Tue Jun 23 11:20:04 AM WIB 2026: Updated hiveUSD price to 0.99881799 (99881799)
Tue Jun 23 11:25:05 AM WIB 2026: Updated hiveUSD price to 0.99886068 (99886068)
Tue Jun 23 11:30:03 AM WIB 2026: Updated hiveUSD price to 0.9987834 (99878340)
Tue Jun 23 11:35:04 AM WIB 2026: Updated hiveUSD price to 0.99882281 (99882281)
Tue Jun 23 11:40:04 AM WIB 2026: Updated hiveUSD price to 0.99881985 (99881985)
Tue Jun 23 11:45:03 AM WIB 2026: Updated hiveUSD price to 0.99883827 (99883827)
Tue Jun 23 11:50:04 AM WIB 2026: Updated hiveUSD price to 0.998839 (99883900)
Tue Jun 23 11:55:04 AM WIB 2026: Updated hiveUSD price to 0.99892178 (99892178)
Tue Jun 23 12:00:04 PM WIB 2026: Updated hiveUSD price to 0.99887563 (99887563)
Tue Jun 23 12:05:03 PM WIB 2026: Updated hiveUSD price to 0.99889158 (99889158)
Tue Jun 23 12:10:04 PM WIB 2026: Updated hiveUSD price to 0.99887823 (99887823)
Tue Jun 23 12:15:04 PM WIB 2026: Updated hiveUSD price to 0.99887567 (99887567)
Tue Jun 23 12:20:04 PM WIB 2026: Updated hiveUSD price to 0.99886026 (99886026)
Tue Jun 23 12:25:04 PM WIB 2026: Updated hiveUSD price to 0.99875449 (99875449)
Tue Jun 23 12:30:04 PM WIB 2026: Updated hiveUSD price to 0.99879846 (99879846)
Tue Jun 23 12:35:04 PM WIB 2026: Updated hiveUSD price to 0.99885373 (99885373)
Tue Jun 23 12:40:03 PM WIB 2026: Updated hiveUSD price to 0.99878588 (99878588)
Tue Jun 23 12:45:04 PM WIB 2026: Updated hiveUSD price to 0.99880466 (99880466)
Tue Jun 23 12:50:03 PM WIB 2026: Updated hiveUSD price to 0.99884552 (99884552)
Tue Jun 23 12:55:04 PM WIB 2026: Updated hiveUSD price to 0.99876418 (99876418)
Tue Jun 23 01:00:04 PM WIB 2026: Updated hiveUSD price to 0.99881533 (99881533)
Tue Jun 23 01:05:04 PM WIB 2026: Updated hiveUSD price to 0.9988771 (99887710)
Tue Jun 23 01:10:03 PM WIB 2026: Updated hiveUSD price to 0.99882265 (99882265)
Tue Jun 23 01:15:04 PM WIB 2026: Updated hiveUSD price to 0.99887324 (99887324)
Tue Jun 23 01:20:04 PM WIB 2026: Updated hiveUSD price to 0.99879616 (99879616)
Tue Jun 23 01:25:04 PM WIB 2026: Updated hiveUSD price to 0.99887077 (99887077)
Tue Jun 23 01:30:04 PM WIB 2026: Updated hiveUSD price to 0.998816 (99881600)
Tue Jun 23 01:35:04 PM WIB 2026: Updated hiveUSD price to 0.99878493 (99878493)
Tue Jun 23 01:40:04 PM WIB 2026: Updated hiveUSD price to 0.99876002 (99876002)
Tue Jun 23 01:45:04 PM WIB 2026: Updated hiveUSD price to 0.99877853 (99877853)
Tue Jun 23 01:50:04 PM WIB 2026: Updated hiveUSD price to 0.9988612 (99886120)
Tue Jun 23 01:55:04 PM WIB 2026: Updated hiveUSD price to 0.99877184 (99877184)
Tue Jun 23 02:00:03 PM WIB 2026: Updated hiveUSD price to 0.99876176 (99876176)
Tue Jun 23 02:05:04 PM WIB 2026: Updated hiveUSD price to 0.99885852 (99885852)
Tue Jun 23 02:10:04 PM WIB 2026: Updated hiveUSD price to 0.9988217 (99882170)
Tue Jun 23 02:15:04 PM WIB 2026: Updated hiveUSD price to 0.99877723 (99877723)
Tue Jun 23 02:20:04 PM WIB 2026: Updated hiveUSD price to 0.99882449 (99882449)
Tue Jun 23 02:25:04 PM WIB 2026: Updated hiveUSD price to 0.99881127 (99881127)
Tue Jun 23 02:30:04 PM WIB 2026: Updated hiveUSD price to 0.99888126 (99888126)
Tue Jun 23 02:35:03 PM WIB 2026: Updated hiveUSD price to 0.99888861 (99888861)
Tue Jun 23 02:40:05 PM WIB 2026: Updated hiveUSD price to 0.99887102 (99887102)
Tue Jun 23 02:45:04 PM WIB 2026: Updated hiveUSD price to 0.99882383 (99882383)
Tue Jun 23 02:50:03 PM WIB 2026: Updated hiveUSD price to 0.9987814 (99878140)
Tue Jun 23 02:55:04 PM WIB 2026: Updated hiveUSD price to 0.9988307 (99883070)
Tue Jun 23 03:00:04 PM WIB 2026: Updated hiveUSD price to 0.99877766 (99877766)
Tue Jun 23 03:05:03 PM WIB 2026: Updated hiveUSD price to 0.99881524 (99881524)
Tue Jun 23 03:10:03 PM WIB 2026: Updated hiveUSD price to 0.99882576 (99882576)
Tue Jun 23 03:15:05 PM WIB 2026: Updated hiveUSD price to 0.99887202 (99887202)
Tue Jun 23 03:20:05 PM WIB 2026: Updated hiveUSD price to 0.99884428 (99884428)
Tue Jun 23 03:25:04 PM WIB 2026: Updated hiveUSD price to 0.99891703 (99891703)
Tue Jun 23 03:30:05 PM WIB 2026: Updated hiveUSD price to 0.99894675 (99894675)
Tue Jun 23 03:35:04 PM WIB 2026: Updated hiveUSD price to 0.99889702 (99889702)
Tue Jun 23 03:40:04 PM WIB 2026: Updated hiveUSD price to 0.99887675 (99887675)
Tue Jun 23 03:45:04 PM WIB 2026: Updated hiveUSD price to 0.99886795 (99886795)
Tue Jun 23 03:50:04 PM WIB 2026: Updated hiveUSD price to 0.99884924 (99884924)
Tue Jun 23 03:55:04 PM WIB 2026: Updated hiveUSD price to 0.99879091 (99879091)
Tue Jun 23 04:00:03 PM WIB 2026: Updated hiveUSD price to 0.99879659 (99879659)
Tue Jun 23 04:05:05 PM WIB 2026: Updated hiveUSD price to 0.99884861 (99884861)
Tue Jun 23 04:10:04 PM WIB 2026: Updated hiveUSD price to 0.99882866 (99882866)
Tue Jun 23 04:15:03 PM WIB 2026: Updated hiveUSD price to 0.99889461 (99889461)
Tue Jun 23 04:20:04 PM WIB 2026: Updated hiveUSD price to 0.9988405 (99884050)
Tue Jun 23 04:25:04 PM WIB 2026: Updated hiveUSD price to 0.99882847 (99882847)
Tue Jun 23 04:30:04 PM WIB 2026: Updated hiveUSD price to 0.99884899 (99884899)
Tue Jun 23 04:35:04 PM WIB 2026: Updated hiveUSD price to 0.99881895 (99881895)
Tue Jun 23 04:40:04 PM WIB 2026: Updated hiveUSD price to 0.9988625 (99886250)
Tue Jun 23 04:45:04 PM WIB 2026: Updated hiveUSD price to 0.99884556 (99884556)
Tue Jun 23 04:50:04 PM WIB 2026: Updated hiveUSD price to 0.99880057 (99880057)
Tue Jun 23 04:55:04 PM WIB 2026: Updated hiveUSD price to 0.9987941 (99879410)
Tue Jun 23 05:00:04 PM WIB 2026: Updated hiveUSD price to 0.99885797 (99885797)
Tue Jun 23 05:05:04 PM WIB 2026: Updated hiveUSD price to 0.99880194 (99880194)
Tue Jun 23 05:10:04 PM WIB 2026: Updated hiveUSD price to 0.99886952 (99886952)
Tue Jun 23 05:15:04 PM WIB 2026: Updated hiveUSD price to 0.99884459 (99884459)
Tue Jun 23 05:20:03 PM WIB 2026: Updated hiveUSD price to 0.99879496 (99879496)
Tue Jun 23 05:25:04 PM WIB 2026: Updated hiveUSD price to 0.99879298 (99879298)
Tue Jun 23 05:30:04 PM WIB 2026: Updated hiveUSD price to 0.99879332 (99879332)
Tue Jun 23 05:35:04 PM WIB 2026: Updated hiveUSD price to 0.99880345 (99880345)
Tue Jun 23 05:40:04 PM WIB 2026: Updated hiveUSD price to 0.99878678 (99878678)
Tue Jun 23 05:45:05 PM WIB 2026: Updated hiveUSD price to 0.99883647 (99883647)
Tue Jun 23 05:50:03 PM WIB 2026: Updated hiveUSD price to 0.99884409 (99884409)
Tue Jun 23 05:55:03 PM WIB 2026: Updated hiveUSD price to 0.99875423 (99875423)
Tue Jun 23 06:00:04 PM WIB 2026: Updated hiveUSD price to 0.99881969 (99881969)
Tue Jun 23 06:05:04 PM WIB 2026: Updated hiveUSD price to 0.99882269 (99882269)
Tue Jun 23 06:10:05 PM WIB 2026: Updated hiveUSD price to 0.99880212 (99880212)
Tue Jun 23 06:15:05 PM WIB 2026: Updated hiveUSD price to 0.99880388 (99880388)
Tue Jun 23 06:20:04 PM WIB 2026: Updated hiveUSD price to 0.99882378 (99882378)
Tue Jun 23 06:25:03 PM WIB 2026: Updated hiveUSD price to 0.9987177 (99871770)
Tue Jun 23 06:30:05 PM WIB 2026: Updated hiveUSD price to 0.99873635 (99873635)
Tue Jun 23 06:35:04 PM WIB 2026: Updated hiveUSD price to 0.99879492 (99879492)
Tue Jun 23 06:40:04 PM WIB 2026: Updated hiveUSD price to 0.99878071 (99878071)
Tue Jun 23 06:45:03 PM WIB 2026: Updated hiveUSD price to 0.99878718 (99878718)
Tue Jun 23 06:50:03 PM WIB 2026: Updated hiveUSD price to 0.99875975 (99875975)
Tue Jun 23 06:55:05 PM WIB 2026: Updated hiveUSD price to 0.99881123 (99881123)
Tue Jun 23 07:00:04 PM WIB 2026: Updated hiveUSD price to 0.99885117 (99885117)
Tue Jun 23 07:05:03 PM WIB 2026: Updated hiveUSD price to 0.99889979 (99889979)
Tue Jun 23 07:10:04 PM WIB 2026: Updated hiveUSD price to 0.99890062 (99890062)
Tue Jun 23 07:15:04 PM WIB 2026: Updated hiveUSD price to 0.99891729 (99891729)
Tue Jun 23 07:20:04 PM WIB 2026: Updated hiveUSD price to 0.99885701 (99885701)
Tue Jun 23 07:25:04 PM WIB 2026: Updated hiveUSD price to 0.99888303 (99888303)
Tue Jun 23 07:30:03 PM WIB 2026: Updated hiveUSD price to 0.99893504 (99893504)
Tue Jun 23 07:35:04 PM WIB 2026: Updated hiveUSD price to 0.9988815 (99888150)
Tue Jun 23 07:40:04 PM WIB 2026: Updated hiveUSD price to 0.99891761 (99891761)
Tue Jun 23 07:45:05 PM WIB 2026: Updated hiveUSD price to 0.99886219 (99886219)
Tue Jun 23 07:50:04 PM WIB 2026: Updated hiveUSD price to 0.99893452 (99893452)
Tue Jun 23 07:55:05 PM WIB 2026: Updated hiveUSD price to 0.99888054 (99888054)
Tue Jun 23 08:00:04 PM WIB 2026: Updated hiveUSD price to 0.99886382 (99886382)
Tue Jun 23 08:05:03 PM WIB 2026: Updated hiveUSD price to 0.99888059 (99888059)
Tue Jun 23 08:10:04 PM WIB 2026: Updated hiveUSD price to 0.99887233 (99887233)
Tue Jun 23 08:15:04 PM WIB 2026: Updated hiveUSD price to 0.99892349 (99892349)
Tue Jun 23 08:20:04 PM WIB 2026: Updated hiveUSD price to 0.9988736 (99887360)
Tue Jun 23 08:25:04 PM WIB 2026: Updated hiveUSD price to 0.99886974 (99886974)
Tue Jun 23 08:30:05 PM WIB 2026: Updated hiveUSD price to 0.99885532 (99885532)
Tue Jun 23 08:35:04 PM WIB 2026: Updated hiveUSD price to 0.99884001 (99884001)
Tue Jun 23 08:40:04 PM WIB 2026: Updated hiveUSD price to 0.99890801 (99890801)
Tue Jun 23 08:45:04 PM WIB 2026: Updated hiveUSD price to 0.99892854 (99892854)
Tue Jun 23 08:50:04 PM WIB 2026: Updated hiveUSD price to 0.99885426 (99885426)
Tue Jun 23 08:55:04 PM WIB 2026: Updated hiveUSD price to 0.99889386 (99889386)
Tue Jun 23 09:00:05 PM WIB 2026: Updated hiveUSD price to 0.99885612 (99885612)
Tue Jun 23 09:05:04 PM WIB 2026: Updated hiveUSD price to 0.99884358 (99884358)
Tue Jun 23 09:10:04 PM WIB 2026: Updated hiveUSD price to 0.99886026 (99886026)
Tue Jun 23 09:15:04 PM WIB 2026: Updated hiveUSD price to 0.99887706 (99887706)
Tue Jun 23 09:20:06 PM WIB 2026: Updated hiveUSD price to 0.99886132 (99886132)
Tue Jun 23 09:25:04 PM WIB 2026: Updated hiveUSD price to 0.99882235 (99882235)
Tue Jun 23 09:30:05 PM WIB 2026: Updated hiveUSD price to 0.99879217 (99879217)
Tue Jun 23 09:35:04 PM WIB 2026: Updated hiveUSD price to 0.99884116 (99884116)
Tue Jun 23 09:40:03 PM WIB 2026: Updated hiveUSD price to 0.99879485 (99879485)
Tue Jun 23 09:45:04 PM WIB 2026: Updated hiveUSD price to 0.99886475 (99886475)
Tue Jun 23 09:50:04 PM WIB 2026: Updated hiveUSD price to 0.9987878 (99878780)
Tue Jun 23 09:55:05 PM WIB 2026: Updated hiveUSD price to 0.99887499 (99887499)
Tue Jun 23 10:00:04 PM WIB 2026: Updated hiveUSD price to 0.99881428 (99881428)
Tue Jun 23 10:05:04 PM WIB 2026: Updated hiveUSD price to 0.99882688 (99882688)
Tue Jun 23 10:10:04 PM WIB 2026: Updated hiveUSD price to 0.99880714 (99880714)
Tue Jun 23 10:15:04 PM WIB 2026: Updated hiveUSD price to 0.99882204 (99882204)
Tue Jun 23 10:20:04 PM WIB 2026: Updated hiveUSD price to 0.99882182 (99882182)
Tue Jun 23 10:25:04 PM WIB 2026: Updated hiveUSD price to 0.99880568 (99880568)
Tue Jun 23 10:30:05 PM WIB 2026: Updated hiveUSD price to 0.99884853 (99884853)
Tue Jun 23 10:35:03 PM WIB 2026: Updated hiveUSD price to 0.99884156 (99884156)
Tue Jun 23 10:40:05 PM WIB 2026: Updated hiveUSD price to 0.99886583 (99886583)
Tue Jun 23 10:45:05 PM WIB 2026: Updated hiveUSD price to 0.99884858 (99884858)
Tue Jun 23 10:50:04 PM WIB 2026: Updated hiveUSD price to 0.9988108 (99881080)
Tue Jun 23 10:55:03 PM WIB 2026: Updated hiveUSD price to 0.99883565 (99883565)
Tue Jun 23 11:00:04 PM WIB 2026: Updated hiveUSD price to 0.99888137 (99888137)
Tue Jun 23 11:05:04 PM WIB 2026: Updated hiveUSD price to 0.99884575 (99884575)
Tue Jun 23 11:10:05 PM WIB 2026: Updated hiveUSD price to 0.99878057 (99878057)
Tue Jun 23 11:15:03 PM WIB 2026: Updated hiveUSD price to 0.99884198 (99884198)
Tue Jun 23 11:20:04 PM WIB 2026: Updated hiveUSD price to 0.99879272 (99879272)
Tue Jun 23 11:25:04 PM WIB 2026: Updated hiveUSD price to 0.99879532 (99879532)
Tue Jun 23 11:30:03 PM WIB 2026: Updated hiveUSD price to 0.9988055 (99880550)
Tue Jun 23 11:35:04 PM WIB 2026: Updated hiveUSD price to 0.99878847 (99878847)
